[2021-09-20 11:09:04] local.ERROR: Target class [App\Http\Controllers\OrderController] does not exist. {"exception":"[object] (Illuminate\\Contracts\\Container\\BindingResolutionException(code: 0): Target class [App\\Http\\Controllers\\OrderController] does not exist. at /home/nk6nzmf8mf9q/public_html/fdadmin.prometteur.in/vendor/laravel/framework/src/Illuminate/Container/Container.php:832)
[stacktrace]
#0 /home/nk6nzmf8mf9q/public_html/fdadmin.prometteur.in/vendor/laravel/framework/src/Illuminate/Container/Container.php(712): Illuminate\\Container\\Container->build('App\\\\Http\\\\Contro...')
#1 /home/nk6nzmf8mf9q/public_html/fdadmin.prometteur.in/vendor/laravel/framework/src/Illuminate/Foundation/Application.php(826): Illuminate\\Container\\Container->resolve('App\\\\Http\\\\Contro...', Array, true)
#2 /home/nk6nzmf8mf9q/public_html/fdadmin.prometteur.in/vendor/laravel/framework/src/Illuminate/Container/Container.php(651): Illuminate\\Foundation\\Application->resolve('App\\\\Http\\\\Contro...', Array)
#3 /home/nk6nzmf8mf9q/public_html/fdadmin.prometteur.in/vendor/laravel/framework/src/Illuminate/Foundation/Application.php(811): Illuminate\\Container\\Container->make('App\\\\Http\\\\Contro...', Array)
#4 /home/nk6nzmf8mf9q/public_html/fdadmin.prometteur.in/vendor/laravel/framework/src/Illuminate/Routing/Route.php(268): Illuminate\\Foundation\\Application->make('App\\\\Http\\\\Contro...')
#5 /home/nk6nzmf8mf9q/public_html/fdadmin.prometteur.in/vendor/laravel/framework/src/Illuminate/Routing/Route.php(1017): Illuminate\\Routing\\Route->getController()
#6 /home/nk6nzmf8mf9q/public_html/fdadmin.prometteur.in/vendor/laravel/framework/src/Illuminate/Routing/Route.php(978): Illuminate\\Routing\\Route->controllerMiddleware()
#7 /home/nk6nzmf8mf9q/public_html/fdadmin.prometteur.in/vendor/laravel/framework/src/Illuminate/Routing/Router.php(710): Illuminate\\Routing\\Route->gatherMiddleware()
#8 /home/nk6nzmf8mf9q/public_html/fdadmin.prometteur.in/vendor/laravel/framework/src/Illuminate/Routing/Router.php(686): Illuminate\\Routing\\Router->gatherRouteMiddleware(Object(Illuminate\\Routing\\Route))
#9 /home/nk6nzmf8mf9q/public_html/fdadmin.prometteur.in/vendor/laravel/framework/src/Illuminate/Routing/Router.php(670): Illuminate\\Routing\\Router->runRouteWithinStack(Object(Illuminate\\Routing\\Route), Object(Illuminate\\Http\\Request))
#10 /home/nk6nzmf8mf9q/public_html/fdadmin.prometteur.in/vendor/laravel/framework/src/Illuminate/Routing/Router.php(636): Illuminate\\Routing\\Router->runRoute(Object(Illuminate\\Http\\Request), Object(Illuminate\\Routing\\Route))
#11 /home/nk6nzmf8mf9q/public_html/fdadmin.prometteur.in/vendor/laravel/framework/src/Illuminate/Routing/Router.php(625): Illuminate\\Routing\\Router->dispatchToRoute(Object(Illuminate\\Http\\Request))
#12 /home/nk6nzmf8mf9q/public_html/fdadmin.prometteur.in/vendor/laravel/framework/src/Illuminate/Foundation/Http/Kernel.php(166): Illuminate\\Routing\\Router->dispatch(Object(Illuminate\\Http\\Request))
#13 /home/nk6nzmf8mf9q/public_html/fdadmin.prometteur.in/vendor/laravel/framework/src/Illuminate/Pipeline/Pipeline.php(128): Illuminate\\Foundation\\Http\\Kernel->Illuminate\\Foundation\\Http\\{closure}(Object(Illuminate\\Http\\Request))
#14 /home/nk6nzmf8mf9q/public_html/fdadmin.prometteur.in/vendor/barryvdh/laravel-debugbar/src/Middleware/InjectDebugbar.php(67): Illuminate\\Pipeline\\Pipeline->Illuminate\\Pipeline\\{closure}(Object(Illuminate\\Http\\Request))
#15 /home/nk6nzmf8mf9q/public_html/fdadmin.prometteur.in/vendor/laravel/framework/src/Illuminate/Pipeline/Pipeline.php(167): Barryvdh\\Debugbar\\Middleware\\InjectDebugbar->handle(Object(Illuminate\\Http\\Request), Object(Closure))
#16 /home/nk6nzmf8mf9q/public_html/fdadmin.prometteur.in/vendor/laravel/framework/src/Illuminate/Foundation/Http/Middleware/TransformsRequest.php(21): Illuminate\\Pipeline\\Pipeline->Illuminate\\Pipeline\\{closure}(Object(Illuminate\\Http\\Request))
#17 /home/nk6nzmf8mf9q/public_html/fdadmin.prometteur.in/vendor/laravel/framework/src/Illuminate/Pipeline/Pipeline.php(167): Illuminate\\Foundation\\Http\\Middleware\\TransformsRequest->handle(Object(Illuminate\\Http\\Request), Object(Closure))
#18 /home/nk6nzmf8mf9q/public_html/fdadmin.prometteur.in/vendor/laravel/framework/src/Illuminate/Foundation/Http/Middleware/TransformsRequest.php(21): Illuminate\\Pipeline\\Pipeline->Illuminate\\Pipeline\\{closure}(Object(Illuminate\\Http\\Request))
#19 /home/nk6nzmf8mf9q/public_html/fdadmin.prometteur.in/vendor/laravel/framework/src/Illuminate/Pipeline/Pipeline.php(167): Illuminate\\Foundation\\Http\\Middleware\\TransformsRequest->handle(Object(Illuminate\\Http\\Request), Object(Closure))
#20 /home/nk6nzmf8mf9q/public_html/fdadmin.prometteur.in/vendor/laravel/framework/src/Illuminate/Foundation/Http/Middleware/ValidatePostSize.php(27): Illuminate\\Pipeline\\Pipeline->Illuminate\\Pipeline\\{closure}(Object(Illuminate\\Http\\Request))
#21 /home/nk6nzmf8mf9q/public_html/fdadmin.prometteur.in/vendor/laravel/framework/src/Illuminate/Pipeline/Pipeline.php(167): Illuminate\\Foundation\\Http\\Middleware\\ValidatePostSize->handle(Object(Illuminate\\Http\\Request), Object(Closure))
#22 /home/nk6nzmf8mf9q/public_html/fdadmin.prometteur.in/vendor/laravel/framework/src/Illuminate/Foundation/Http/Middleware/PreventRequestsDuringMaintenance.php(86): Illuminate\\Pipeline\\Pipeline->Illuminate\\Pipeline\\{closure}(Object(Illuminate\\Http\\Request))
#23 /home/nk6nzmf8mf9q/public_html/fdadmin.prometteur.in/vendor/laravel/framework/src/Illuminate/Pipeline/Pipeline.php(167): Illuminate\\Foundation\\Http\\Middleware\\PreventRequestsDuringMaintenance->handle(Object(Illuminate\\Http\\Request), Object(Closure))
#24 /home/nk6nzmf8mf9q/public_html/fdadmin.prometteur.in/vendor/fruitcake/laravel-cors/src/HandleCors.php(37): Illuminate\\Pipeline\\Pipeline->Illuminate\\Pipeline\\{closure}(Object(Illuminate\\Http\\Request))
#25 /home/nk6nzmf8mf9q/public_html/fdadmin.prometteur.in/vendor/laravel/framework/src/Illuminate/Pipeline/Pipeline.php(167): Fruitcake\\Cors\\HandleCors->handle(Object(Illuminate\\Http\\Request), Object(Closure))
#26 /home/nk6nzmf8mf9q/public_html/fdadmin.prometteur.in/vendor/fideloper/proxy/src/TrustProxies.php(57): Illuminate\\Pipeline\\Pipeline->Illuminate\\Pipeline\\{closure}(Object(Illuminate\\Http\\Request))
#27 /home/nk6nzmf8mf9q/public_html/fdadmin.prometteur.in/vendor/laravel/framework/src/Illuminate/Pipeline/Pipeline.php(167): Fideloper\\Proxy\\TrustProxies->handle(Object(Illuminate\\Http\\Request), Object(Closure))
#28 /home/nk6nzmf8mf9q/public_html/fdadmin.prometteur.in/vendor/laravel/framework/src/Illuminate/Pipeline/Pipeline.php(103): Illuminate\\Pipeline\\Pipeline->Illuminate\\Pipeline\\{closure}(Object(Illuminate\\Http\\Request))
#29 /home/nk6nzmf8mf9q/public_html/fdadmin.prometteur.in/vendor/laravel/framework/src/Illuminate/Foundation/Http/Kernel.php(141): Illuminate\\Pipeline\\Pipeline->then(Object(Closure))
#30 /home/nk6nzmf8mf9q/public_html/fdadmin.prometteur.in/vendor/laravel/framework/src/Illuminate/Foundation/Http/Kernel.php(110): Illuminate\\Foundation\\Http\\Kernel->sendRequestThroughRouter(Object(Illuminate\\Http\\Request))
#31 /home/nk6nzmf8mf9q/public_html/fdadmin.prometteur.in/public/index.php(52): Illuminate\\Foundation\\Http\\Kernel->handle(Object(Illuminate\\Http\\Request))
#32 {main}

[previous exception] [object] (ReflectionException(code: -1): Class App\\Http\\Controllers\\OrderController does not exist at /home/nk6nzmf8mf9q/public_html/fdadmin.prometteur.in/vendor/laravel/framework/src/Illuminate/Container/Container.php:830)
[stacktrace]
#0 /home/nk6nzmf8mf9q/public_html/fdadmin.prometteur.in/vendor/laravel/framework/src/Illuminate/Container/Container.php(830): ReflectionClass->__construct('App\\\\Http\\\\Contro...')
#1 /home/nk6nzmf8mf9q/public_html/fdadmin.prometteur.in/vendor/laravel/framework/src/Illuminate/Container/Container.php(712): Illuminate\\Container\\Container->build('App\\\\Http\\\\Contro...')
#2 /home/nk6nzmf8mf9q/public_html/fdadmin.prometteur.in/vendor/laravel/framework/src/Illuminate/Foundation/Application.php(826): Illuminate\\Container\\Container->resolve('App\\\\Http\\\\Contro...', Array, true)
#3 /home/nk6nzmf8mf9q/public_html/fdadmin.prometteur.in/vendor/laravel/framework/src/Illuminate/Container/Container.php(651): Illuminate\\Foundation\\Application->resolve('App\\\\Http\\\\Contro...', Array)
#4 /home/nk6nzmf8mf9q/public_html/fdadmin.prometteur.in/vendor/laravel/framework/src/Illuminate/Foundation/Application.php(811): Illuminate\\Container\\Container->make('App\\\\Http\\\\Contro...', Array)
#5 /home/nk6nzmf8mf9q/public_html/fdadmin.prometteur.in/vendor/laravel/framework/src/Illuminate/Routing/Route.php(268): Illuminate\\Foundation\\Application->make('App\\\\Http\\\\Contro...')
#6 /home/nk6nzmf8mf9q/public_html/fdadmin.prometteur.in/vendor/laravel/framework/src/Illuminate/Routing/Route.php(1017): Illuminate\\Routing\\Route->getController()
#7 /home/nk6nzmf8mf9q/public_html/fdadmin.prometteur.in/vendor/laravel/framework/src/Illuminate/Routing/Route.php(978): Illuminate\\Routing\\Route->controllerMiddleware()
#8 /home/nk6nzmf8mf9q/public_html/fdadmin.prometteur.in/vendor/laravel/framework/src/Illuminate/Routing/Router.php(710): Illuminate\\Routing\\Route->gatherMiddleware()
#9 /home/nk6nzmf8mf9q/public_html/fdadmin.prometteur.in/vendor/laravel/framework/src/Illuminate/Routing/Router.php(686): Illuminate\\Routing\\Router->gatherRouteMiddleware(Object(Illuminate\\Routing\\Route))
#10 /home/nk6nzmf8mf9q/public_html/fdadmin.prometteur.in/vendor/laravel/framework/src/Illuminate/Routing/Router.php(670): Illuminate\\Routing\\Router->runRouteWithinStack(Object(Illuminate\\Routing\\Route), Object(Illuminate\\Http\\Request))
#11 /home/nk6nzmf8mf9q/public_html/fdadmin.prometteur.in/vendor/laravel/framework/src/Illuminate/Routing/Router.php(636): Illuminate\\Routing\\Router->runRoute(Object(Illuminate\\Http\\Request), Object(Illuminate\\Routing\\Route))
#12 /home/nk6nzmf8mf9q/public_html/fdadmin.prometteur.in/vendor/laravel/framework/src/Illuminate/Routing/Router.php(625): Illuminate\\Routing\\Router->dispatchToRoute(Object(Illuminate\\Http\\Request))
#13 /home/nk6nzmf8mf9q/public_html/fdadmin.prometteur.in/vendor/laravel/framework/src/Illuminate/Foundation/Http/Kernel.php(166): Illuminate\\Routing\\Router->dispatch(Object(Illuminate\\Http\\Request))
#14 /home/nk6nzmf8mf9q/public_html/fdadmin.prometteur.in/vendor/laravel/framework/src/Illuminate/Pipeline/Pipeline.php(128): Illuminate\\Foundation\\Http\\Kernel->Illuminate\\Foundation\\Http\\{closure}(Object(Illuminate\\Http\\Request))
#15 /home/nk6nzmf8mf9q/public_html/fdadmin.prometteur.in/vendor/barryvdh/laravel-debugbar/src/Middleware/InjectDebugbar.php(67): Illuminate\\Pipeline\\Pipeline->Illuminate\\Pipeline\\{closure}(Object(Illuminate\\Http\\Request))
#16 /home/nk6nzmf8mf9q/public_html/fdadmin.prometteur.in/vendor/laravel/framework/src/Illuminate/Pipeline/Pipeline.php(167): Barryvdh\\Debugbar\\Middleware\\InjectDebugbar->handle(Object(Illuminate\\Http\\Request), Object(Closure))
#17 /home/nk6nzmf8mf9q/public_html/fdadmin.prometteur.in/vendor/laravel/framework/src/Illuminate/Foundation/Http/Middleware/TransformsRequest.php(21): Illuminate\\Pipeline\\Pipeline->Illuminate\\Pipeline\\{closure}(Object(Illuminate\\Http\\Request))
#18 /home/nk6nzmf8mf9q/public_html/fdadmin.prometteur.in/vendor/laravel/framework/src/Illuminate/Pipeline/Pipeline.php(167): Illuminate\\Foundation\\Http\\Middleware\\TransformsRequest->handle(Object(Illuminate\\Http\\Request), Object(Closure))
#19 /home/nk6nzmf8mf9q/public_html/fdadmin.prometteur.in/vendor/laravel/framework/src/Illuminate/Foundation/Http/Middleware/TransformsRequest.php(21): Illuminate\\Pipeline\\Pipeline->Illuminate\\Pipeline\\{closure}(Object(Illuminate\\Http\\Request))
#20 /home/nk6nzmf8mf9q/public_html/fdadmin.prometteur.in/vendor/laravel/framework/src/Illuminate/Pipeline/Pipeline.php(167): Illuminate\\Foundation\\Http\\Middleware\\TransformsRequest->handle(Object(Illuminate\\Http\\Request), Object(Closure))
#21 /home/nk6nzmf8mf9q/public_html/fdadmin.prometteur.in/vendor/laravel/framework/src/Illuminate/Foundation/Http/Middleware/ValidatePostSize.php(27): Illuminate\\Pipeline\\Pipeline->Illuminate\\Pipeline\\{closure}(Object(Illuminate\\Http\\Request))
#22 /home/nk6nzmf8mf9q/public_html/fdadmin.prometteur.in/vendor/laravel/framework/src/Illuminate/Pipeline/Pipeline.php(167): Illuminate\\Foundation\\Http\\Middleware\\ValidatePostSize->handle(Object(Illuminate\\Http\\Request), Object(Closure))
#23 /home/nk6nzmf8mf9q/public_html/fdadmin.prometteur.in/vendor/laravel/framework/src/Illuminate/Foundation/Http/Middleware/PreventRequestsDuringMaintenance.php(86): Illuminate\\Pipeline\\Pipeline->Illuminate\\Pipeline\\{closure}(Object(Illuminate\\Http\\Request))
#24 /home/nk6nzmf8mf9q/public_html/fdadmin.prometteur.in/vendor/laravel/framework/src/Illuminate/Pipeline/Pipeline.php(167): Illuminate\\Foundation\\Http\\Middleware\\PreventRequestsDuringMaintenance->handle(Object(Illuminate\\Http\\Request), Object(Closure))
#25 /home/nk6nzmf8mf9q/public_html/fdadmin.prometteur.in/vendor/fruitcake/laravel-cors/src/HandleCors.php(37): Illuminate\\Pipeline\\Pipeline->Illuminate\\Pipeline\\{closure}(Object(Illuminate\\Http\\Request))
#26 /home/nk6nzmf8mf9q/public_html/fdadmin.prometteur.in/vendor/laravel/framework/src/Illuminate/Pipeline/Pipeline.php(167): Fruitcake\\Cors\\HandleCors->handle(Object(Illuminate\\Http\\Request), Object(Closure))
#27 /home/nk6nzmf8mf9q/public_html/fdadmin.prometteur.in/vendor/fideloper/proxy/src/TrustProxies.php(57): Illuminate\\Pipeline\\Pipeline->Illuminate\\Pipeline\\{closure}(Object(Illuminate\\Http\\Request))
#28 /home/nk6nzmf8mf9q/public_html/fdadmin.prometteur.in/vendor/laravel/framework/src/Illuminate/Pipeline/Pipeline.php(167): Fideloper\\Proxy\\TrustProxies->handle(Object(Illuminate\\Http\\Request), Object(Closure))
#29 /home/nk6nzmf8mf9q/public_html/fdadmin.prometteur.in/vendor/laravel/framework/src/Illuminate/Pipeline/Pipeline.php(103): Illuminate\\Pipeline\\Pipeline->Illuminate\\Pipeline\\{closure}(Object(Illuminate\\Http\\Request))
#30 /home/nk6nzmf8mf9q/public_html/fdadmin.prometteur.in/vendor/laravel/framework/src/Illuminate/Foundation/Http/Kernel.php(141): Illuminate\\Pipeline\\Pipeline->then(Object(Closure))
#31 /home/nk6nzmf8mf9q/public_html/fdadmin.prometteur.in/vendor/laravel/framework/src/Illuminate/Foundation/Http/Kernel.php(110): Illuminate\\Foundation\\Http\\Kernel->sendRequestThroughRouter(Object(Illuminate\\Http\\Request))
#32 /home/nk6nzmf8mf9q/public_html/fdadmin.prometteur.in/public/index.php(52): Illuminate\\Foundation\\Http\\Kernel->handle(Object(Illuminate\\Http\\Request))
#33 {main}
"} 
[2021-09-20 11:09:05] local.ERROR: syntax error, unexpected end of file {"exception":"[object] (ParseError(code: 0): syntax error, unexpected end of file at /home/nk6nzmf8mf9q/public_html/fdadmin.prometteur.in/app/Http/Controllers/OrderController.php:1053)
[stacktrace]
#0 /home/nk6nzmf8mf9q/public_html/fdadmin.prometteur.in/vendor/composer/ClassLoader.php(322): Composer\\Autoload\\includeFile('/home/nk6nzmf8m...')
#1 [internal function]: Composer\\Autoload\\ClassLoader->loadClass('App\\\\Http\\\\Contro...')
#2 [internal function]: spl_autoload_call('App\\\\Http\\\\Contro...')
#3 /home/nk6nzmf8mf9q/public_html/fdadmin.prometteur.in/vendor/laravel/framework/src/Illuminate/Container/Container.php(830): ReflectionClass->__construct('App\\\\Http\\\\Contro...')
#4 /home/nk6nzmf8mf9q/public_html/fdadmin.prometteur.in/vendor/laravel/framework/src/Illuminate/Container/Container.php(712): Illuminate\\Container\\Container->build('App\\\\Http\\\\Contro...')
#5 /home/nk6nzmf8mf9q/public_html/fdadmin.prometteur.in/vendor/laravel/framework/src/Illuminate/Foundation/Application.php(826): Illuminate\\Container\\Container->resolve('App\\\\Http\\\\Contro...', Array, true)
#6 /home/nk6nzmf8mf9q/public_html/fdadmin.prometteur.in/vendor/laravel/framework/src/Illuminate/Container/Container.php(651): Illuminate\\Foundation\\Application->resolve('App\\\\Http\\\\Contro...', Array)
#7 /home/nk6nzmf8mf9q/public_html/fdadmin.prometteur.in/vendor/laravel/framework/src/Illuminate/Foundation/Application.php(811): Illuminate\\Container\\Container->make('App\\\\Http\\\\Contro...', Array)
#8 /home/nk6nzmf8mf9q/public_html/fdadmin.prometteur.in/vendor/laravel/framework/src/Illuminate/Routing/Route.php(268): Illuminate\\Foundation\\Application->make('App\\\\Http\\\\Contro...')
#9 /home/nk6nzmf8mf9q/public_html/fdadmin.prometteur.in/vendor/laravel/framework/src/Illuminate/Routing/Route.php(1017): Illuminate\\Routing\\Route->getController()
#10 /home/nk6nzmf8mf9q/public_html/fdadmin.prometteur.in/vendor/laravel/framework/src/Illuminate/Routing/Route.php(978): Illuminate\\Routing\\Route->controllerMiddleware()
#11 /home/nk6nzmf8mf9q/public_html/fdadmin.prometteur.in/vendor/laravel/framework/src/Illuminate/Routing/Router.php(710): Illuminate\\Routing\\Route->gatherMiddleware()
#12 /home/nk6nzmf8mf9q/public_html/fdadmin.prometteur.in/vendor/laravel/framework/src/Illuminate/Routing/Router.php(686): Illuminate\\Routing\\Router->gatherRouteMiddleware(Object(Illuminate\\Routing\\Route))
#13 /home/nk6nzmf8mf9q/public_html/fdadmin.prometteur.in/vendor/laravel/framework/src/Illuminate/Routing/Router.php(670): Illuminate\\Routing\\Router->runRouteWithinStack(Object(Illuminate\\Routing\\Route), Object(Illuminate\\Http\\Request))
#14 /home/nk6nzmf8mf9q/public_html/fdadmin.prometteur.in/vendor/laravel/framework/src/Illuminate/Routing/Router.php(636): Illuminate\\Routing\\Router->runRoute(Object(Illuminate\\Http\\Request), Object(Illuminate\\Routing\\Route))
#15 /home/nk6nzmf8mf9q/public_html/fdadmin.prometteur.in/vendor/laravel/framework/src/Illuminate/Routing/Router.php(625): Illuminate\\Routing\\Router->dispatchToRoute(Object(Illuminate\\Http\\Request))
#16 /home/nk6nzmf8mf9q/public_html/fdadmin.prometteur.in/vendor/laravel/framework/src/Illuminate/Foundation/Http/Kernel.php(166): Illuminate\\Routing\\Router->dispatch(Object(Illuminate\\Http\\Request))
#17 /home/nk6nzmf8mf9q/public_html/fdadmin.prometteur.in/vendor/laravel/framework/src/Illuminate/Pipeline/Pipeline.php(128): Illuminate\\Foundation\\Http\\Kernel->Illuminate\\Foundation\\Http\\{closure}(Object(Illuminate\\Http\\Request))
#18 /home/nk6nzmf8mf9q/public_html/fdadmin.prometteur.in/vendor/barryvdh/laravel-debugbar/src/Middleware/InjectDebugbar.php(67): Illuminate\\Pipeline\\Pipeline->Illuminate\\Pipeline\\{closure}(Object(Illuminate\\Http\\Request))
#19 /home/nk6nzmf8mf9q/public_html/fdadmin.prometteur.in/vendor/laravel/framework/src/Illuminate/Pipeline/Pipeline.php(167): Barryvdh\\Debugbar\\Middleware\\InjectDebugbar->handle(Object(Illuminate\\Http\\Request), Object(Closure))
#20 /home/nk6nzmf8mf9q/public_html/fdadmin.prometteur.in/vendor/laravel/framework/src/Illuminate/Foundation/Http/Middleware/TransformsRequest.php(21): Illuminate\\Pipeline\\Pipeline->Illuminate\\Pipeline\\{closure}(Object(Illuminate\\Http\\Request))
#21 /home/nk6nzmf8mf9q/public_html/fdadmin.prometteur.in/vendor/laravel/framework/src/Illuminate/Pipeline/Pipeline.php(167): Illuminate\\Foundation\\Http\\Middleware\\TransformsRequest->handle(Object(Illuminate\\Http\\Request), Object(Closure))
#22 /home/nk6nzmf8mf9q/public_html/fdadmin.prometteur.in/vendor/laravel/framework/src/Illuminate/Foundation/Http/Middleware/TransformsRequest.php(21): Illuminate\\Pipeline\\Pipeline->Illuminate\\Pipeline\\{closure}(Object(Illuminate\\Http\\Request))
#23 /home/nk6nzmf8mf9q/public_html/fdadmin.prometteur.in/vendor/laravel/framework/src/Illuminate/Pipeline/Pipeline.php(167): Illuminate\\Foundation\\Http\\Middleware\\TransformsRequest->handle(Object(Illuminate\\Http\\Request), Object(Closure))
#24 /home/nk6nzmf8mf9q/public_html/fdadmin.prometteur.in/vendor/laravel/framework/src/Illuminate/Foundation/Http/Middleware/ValidatePostSize.php(27): Illuminate\\Pipeline\\Pipeline->Illuminate\\Pipeline\\{closure}(Object(Illuminate\\Http\\Request))
#25 /home/nk6nzmf8mf9q/public_html/fdadmin.prometteur.in/vendor/laravel/framework/src/Illuminate/Pipeline/Pipeline.php(167): Illuminate\\Foundation\\Http\\Middleware\\ValidatePostSize->handle(Object(Illuminate\\Http\\Request), Object(Closure))
#26 /home/nk6nzmf8mf9q/public_html/fdadmin.prometteur.in/vendor/laravel/framework/src/Illuminate/Foundation/Http/Middleware/PreventRequestsDuringMaintenance.php(86): Illuminate\\Pipeline\\Pipeline->Illuminate\\Pipeline\\{closure}(Object(Illuminate\\Http\\Request))
#27 /home/nk6nzmf8mf9q/public_html/fdadmin.prometteur.in/vendor/laravel/framework/src/Illuminate/Pipeline/Pipeline.php(167): Illuminate\\Foundation\\Http\\Middleware\\PreventRequestsDuringMaintenance->handle(Object(Illuminate\\Http\\Request), Object(Closure))
#28 /home/nk6nzmf8mf9q/public_html/fdadmin.prometteur.in/vendor/fruitcake/laravel-cors/src/HandleCors.php(37): Illuminate\\Pipeline\\Pipeline->Illuminate\\Pipeline\\{closure}(Object(Illuminate\\Http\\Request))
#29 /home/nk6nzmf8mf9q/public_html/fdadmin.prometteur.in/vendor/laravel/framework/src/Illuminate/Pipeline/Pipeline.php(167): Fruitcake\\Cors\\HandleCors->handle(Object(Illuminate\\Http\\Request), Object(Closure))
#30 /home/nk6nzmf8mf9q/public_html/fdadmin.prometteur.in/vendor/fideloper/proxy/src/TrustProxies.php(57): Illuminate\\Pipeline\\Pipeline->Illuminate\\Pipeline\\{closure}(Object(Illuminate\\Http\\Request))
#31 /home/nk6nzmf8mf9q/public_html/fdadmin.prometteur.in/vendor/laravel/framework/src/Illuminate/Pipeline/Pipeline.php(167): Fideloper\\Proxy\\TrustProxies->handle(Object(Illuminate\\Http\\Request), Object(Closure))
#32 /home/nk6nzmf8mf9q/public_html/fdadmin.prometteur.in/vendor/laravel/framework/src/Illuminate/Pipeline/Pipeline.php(103): Illuminate\\Pipeline\\Pipeline->Illuminate\\Pipeline\\{closure}(Object(Illuminate\\Http\\Request))
#33 /home/nk6nzmf8mf9q/public_html/fdadmin.prometteur.in/vendor/laravel/framework/src/Illuminate/Foundation/Http/Kernel.php(141): Illuminate\\Pipeline\\Pipeline->then(Object(Closure))
#34 /home/nk6nzmf8mf9q/public_html/fdadmin.prometteur.in/vendor/laravel/framework/src/Illuminate/Foundation/Http/Kernel.php(110): Illuminate\\Foundation\\Http\\Kernel->sendRequestThroughRouter(Object(Illuminate\\Http\\Request))
#35 /home/nk6nzmf8mf9q/public_html/fdadmin.prometteur.in/public/index.php(52): Illuminate\\Foundation\\Http\\Kernel->handle(Object(Illuminate\\Http\\Request))
#36 {main}
"} 
[2021-09-20 12:13:00] local.ERROR: Cannot use empty array elements in arrays {"exception":"[object] (Symfony\\Component\\ErrorHandler\\Error\\FatalError(code: 0): Cannot use empty array elements in arrays at /home/nk6nzmf8mf9q/public_html/fdadmin.prometteur.in/app/Http/Controllers/OrderController.php:88)
[stacktrace]
#0 {main}
"} 
[2021-09-20 12:13:02] local.ERROR: Cannot use empty array elements in arrays {"exception":"[object] (Symfony\\Component\\ErrorHandler\\Error\\FatalError(code: 0): Cannot use empty array elements in arrays at /home/nk6nzmf8mf9q/public_html/fdadmin.prometteur.in/app/Http/Controllers/OrderController.php:88)
[stacktrace]
#0 {main}
"} 
