[2021-09-09 10:58:59] local.ERROR: Argument 1 passed to Spatie\Geocoder\Geocoder::getCoordinatesForAddress() must be of the type string, null given, called in /home/nk6nzmf8mf9q/public_html/fdadmin.prometteur.in/app/Http/Controllers/RestorantController.php on line 752 {"userId":1,"exception":"[object] (TypeError(code: 0): Argument 1 passed to Spatie\\Geocoder\\Geocoder::getCoordinatesForAddress() must be of the type string, null given, called in /home/nk6nzmf8mf9q/public_html/fdadmin.prometteur.in/app/Http/Controllers/RestorantController.php on line 752 at /home/nk6nzmf8mf9q/public_html/fdadmin.prometteur.in/vendor/spatie/geocoder/src/Geocoder.php:73)
[stacktrace]
#0 /home/nk6nzmf8mf9q/public_html/fdadmin.prometteur.in/app/Http/Controllers/RestorantController.php(752): Spatie\\Geocoder\\Geocoder->getCoordinatesForAddress(NULL)
#1 /home/nk6nzmf8mf9q/public_html/fdadmin.prometteur.in/vendor/laravel/framework/src/Illuminate/Routing/Controller.php(54): App\\Http\\Controllers\\RestorantController->getCoordinatesForAddress(Object(Illuminate\\Http\\Request))
#2 /home/nk6nzmf8mf9q/public_html/fdadmin.prometteur.in/vendor/laravel/framework/src/Illuminate/Routing/ControllerDispatcher.php(45): Illuminate\\Routing\\Controller->callAction('getCoordinatesF...', Array)
#3 /home/nk6nzmf8mf9q/public_html/fdadmin.prometteur.in/vendor/laravel/framework/src/Illuminate/Routing/Route.php(254): Illuminate\\Routing\\ControllerDispatcher->dispatch(Object(Illuminate\\Routing\\Route), Object(App\\Http\\Controllers\\RestorantController), 'getCoordinatesF...')
#4 /home/nk6nzmf8mf9q/public_html/fdadmin.prometteur.in/vendor/laravel/framework/src/Illuminate/Routing/Route.php(197): Illuminate\\Routing\\Route->runController()
#5 /home/nk6nzmf8mf9q/public_html/fdadmin.prometteur.in/vendor/laravel/framework/src/Illuminate/Routing/Router.php(693): Illuminate\\Routing\\Route->run()
#6 /home/nk6nzmf8mf9q/public_html/fdadmin.prometteur.in/vendor/laravel/framework/src/Illuminate/Pipeline/Pipeline.php(128): Illuminate\\Routing\\Router->Illuminate\\Routing\\{closure}(Object(Illuminate\\Http\\Request))
#7 /home/nk6nzmf8mf9q/public_html/fdadmin.prometteur.in/vendor/laravel/framework/src/Illuminate/Routing/Middleware/SubstituteBindings.php(50): Illuminate\\Pipeline\\Pipeline->Illuminate\\Pipeline\\{closure}(Object(Illuminate\\Http\\Request))
#8 /home/nk6nzmf8mf9q/public_html/fdadmin.prometteur.in/vendor/laravel/framework/src/Illuminate/Pipeline/Pipeline.php(167): Illuminate\\Routing\\Middleware\\SubstituteBindings->handle(Object(Illuminate\\Http\\Request), Object(Closure))
#9 /home/nk6nzmf8mf9q/public_html/fdadmin.prometteur.in/vendor/laravel/framework/src/Illuminate/Auth/Middleware/Authenticate.php(44): Illuminate\\Pipeline\\Pipeline->Illuminate\\Pipeline\\{closure}(Object(Illuminate\\Http\\Request))
#10 /home/nk6nzmf8mf9q/public_html/fdadmin.prometteur.in/vendor/laravel/framework/src/Illuminate/Pipeline/Pipeline.php(167): Illuminate\\Auth\\Middleware\\Authenticate->handle(Object(Illuminate\\Http\\Request), Object(Closure))
#11 /home/nk6nzmf8mf9q/public_html/fdadmin.prometteur.in/vendor/laravel/framework/src/Illuminate/Foundation/Http/Middleware/VerifyCsrfToken.php(78): Illuminate\\Pipeline\\Pipeline->Illuminate\\Pipeline\\{closure}(Object(Illuminate\\Http\\Request))
#12 /home/nk6nzmf8mf9q/public_html/fdadmin.prometteur.in/app/Http/Middleware/VerifyCsrfToken.php(39): Illuminate\\Foundation\\Http\\Middleware\\VerifyCsrfToken->handle(Object(Illuminate\\Http\\Request), Object(Closure))
#13 /home/nk6nzmf8mf9q/public_html/fdadmin.prometteur.in/vendor/laravel/framework/src/Illuminate/Pipeline/Pipeline.php(167): App\\Http\\Middleware\\VerifyCsrfToken->handle(Object(Illuminate\\Http\\Request), Object(Closure))
#14 /home/nk6nzmf8mf9q/public_html/fdadmin.prometteur.in/vendor/laravel/framework/src/Illuminate/View/Middleware/ShareErrorsFromSession.php(49): Illuminate\\Pipeline\\Pipeline->Illuminate\\Pipeline\\{closure}(Object(Illuminate\\Http\\Request))
#15 /home/nk6nzmf8mf9q/public_html/fdadmin.prometteur.in/vendor/laravel/framework/src/Illuminate/Pipeline/Pipeline.php(167): Illuminate\\View\\Middleware\\ShareErrorsFromSession->handle(Object(Illuminate\\Http\\Request), Object(Closure))
#16 /home/nk6nzmf8mf9q/public_html/fdadmin.prometteur.in/app/Http/Middleware/Language.php(32): Illuminate\\Pipeline\\Pipeline->Illuminate\\Pipeline\\{closure}(Object(Illuminate\\Http\\Request))
#17 /home/nk6nzmf8mf9q/public_html/fdadmin.prometteur.in/vendor/laravel/framework/src/Illuminate/Pipeline/Pipeline.php(167): App\\Http\\Middleware\\Language->handle(Object(Illuminate\\Http\\Request), Object(Closure))
#18 /home/nk6nzmf8mf9q/public_html/fdadmin.prometteur.in/vendor/laravel/framework/src/Illuminate/Session/Middleware/StartSession.php(121): Illuminate\\Pipeline\\Pipeline->Illuminate\\Pipeline\\{closure}(Object(Illuminate\\Http\\Request))
#19 /home/nk6nzmf8mf9q/public_html/fdadmin.prometteur.in/vendor/laravel/framework/src/Illuminate/Session/Middleware/StartSession.php(63): Illuminate\\Session\\Middleware\\StartSession->handleStatefulRequest(Object(Illuminate\\Http\\Request), Object(Illuminate\\Session\\Store), Object(Closure))
#20 /home/nk6nzmf8mf9q/public_html/fdadmin.prometteur.in/vendor/laravel/framework/src/Illuminate/Pipeline/Pipeline.php(167): Illuminate\\Session\\Middleware\\StartSession->handle(Object(Illuminate\\Http\\Request), Object(Closure))
#21 /home/nk6nzmf8mf9q/public_html/fdadmin.prometteur.in/vendor/laravel/framework/src/Illuminate/Cookie/Middleware/AddQueuedCookiesToResponse.php(37): Illuminate\\Pipeline\\Pipeline->Illuminate\\Pipeline\\{closure}(Object(Illuminate\\Http\\Request))
#22 /home/nk6nzmf8mf9q/public_html/fdadmin.prometteur.in/vendor/laravel/framework/src/Illuminate/Pipeline/Pipeline.php(167): Illuminate\\Cookie\\Middleware\\AddQueuedCookiesToResponse->handle(Object(Illuminate\\Http\\Request), Object(Closure))
#23 /home/nk6nzmf8mf9q/public_html/fdadmin.prometteur.in/vendor/laravel/framework/src/Illuminate/Cookie/Middleware/EncryptCookies.php(67): Illuminate\\Pipeline\\Pipeline->Illuminate\\Pipeline\\{closure}(Object(Illuminate\\Http\\Request))
#24 /home/nk6nzmf8mf9q/public_html/fdadmin.prometteur.in/vendor/laravel/framework/src/Illuminate/Pipeline/Pipeline.php(167): Illuminate\\Cookie\\Middleware\\EncryptCookies->handle(Object(Illuminate\\Http\\Request), Object(Closure))
#25 /home/nk6nzmf8mf9q/public_html/fdadmin.prometteur.in/vendor/mobidonia/laravel-dashboard-installer/src/Middleware/ToInstallMiddleware.php(23): Illuminate\\Pipeline\\Pipeline->Illuminate\\Pipeline\\{closure}(Object(Illuminate\\Http\\Request))
#26 /home/nk6nzmf8mf9q/public_html/fdadmin.prometteur.in/vendor/laravel/framework/src/Illuminate/Pipeline/Pipeline.php(167): dacoto\\LaravelInstaller\\Middleware\\ToInstallMiddleware->handle(Object(Illuminate\\Http\\Request), Object(Closure))
#27 /home/nk6nzmf8mf9q/public_html/fdadmin.prometteur.in/vendor/laravel/framework/src/Illuminate/Pipeline/Pipeline.php(103): Illuminate\\Pipeline\\Pipeline->Illuminate\\Pipeline\\{closure}(Object(Illuminate\\Http\\Request))
#28 /home/nk6nzmf8mf9q/public_html/fdadmin.prometteur.in/vendor/laravel/framework/src/Illuminate/Routing/Router.php(695): Illuminate\\Pipeline\\Pipeline->then(Object(Closure))
#29 /home/nk6nzmf8mf9q/public_html/fdadmin.prometteur.in/vendor/laravel/framework/src/Illuminate/Routing/Router.php(670): Illuminate\\Routing\\Router->runRouteWithinStack(Object(Illuminate\\Routing\\Route), Object(Illuminate\\Http\\Request))
#30 /home/nk6nzmf8mf9q/public_html/fdadmin.prometteur.in/vendor/laravel/framework/src/Illuminate/Routing/Router.php(636): Illuminate\\Routing\\Router->runRoute(Object(Illuminate\\Http\\Request), Object(Illuminate\\Routing\\Route))
#31 /home/nk6nzmf8mf9q/public_html/fdadmin.prometteur.in/vendor/laravel/framework/src/Illuminate/Routing/Router.php(625): Illuminate\\Routing\\Router->dispatchToRoute(Object(Illuminate\\Http\\Request))
#32 /home/nk6nzmf8mf9q/public_html/fdadmin.prometteur.in/vendor/laravel/framework/src/Illuminate/Foundation/Http/Kernel.php(166): Illuminate\\Routing\\Router->dispatch(Object(Illuminate\\Http\\Request))
#33 /home/nk6nzmf8mf9q/public_html/fdadmin.prometteur.in/vendor/laravel/framework/src/Illuminate/Pipeline/Pipeline.php(128): Illuminate\\Foundation\\Http\\Kernel->Illuminate\\Foundation\\Http\\{closure}(Object(Illuminate\\Http\\Request))
#34 /home/nk6nzmf8mf9q/public_html/fdadmin.prometteur.in/vendor/barryvdh/laravel-debugbar/src/Middleware/InjectDebugbar.php(67): Illuminate\\Pipeline\\Pipeline->Illuminate\\Pipeline\\{closure}(Object(Illuminate\\Http\\Request))
#35 /home/nk6nzmf8mf9q/public_html/fdadmin.prometteur.in/vendor/laravel/framework/src/Illuminate/Pipeline/Pipeline.php(167): Barryvdh\\Debugbar\\Middleware\\InjectDebugbar->handle(Object(Illuminate\\Http\\Request), Object(Closure))
#36 /home/nk6nzmf8mf9q/public_html/fdadmin.prometteur.in/vendor/laravel/framework/src/Illuminate/Foundation/Http/Middleware/TransformsRequest.php(21): Illuminate\\Pipeline\\Pipeline->Illuminate\\Pipeline\\{closure}(Object(Illuminate\\Http\\Request))
#37 /home/nk6nzmf8mf9q/public_html/fdadmin.prometteur.in/vendor/laravel/framework/src/Illuminate/Pipeline/Pipeline.php(167): Illuminate\\Foundation\\Http\\Middleware\\TransformsRequest->handle(Object(Illuminate\\Http\\Request), Object(Closure))
#38 /home/nk6nzmf8mf9q/public_html/fdadmin.prometteur.in/vendor/laravel/framework/src/Illuminate/Foundation/Http/Middleware/TransformsRequest.php(21): Illuminate\\Pipeline\\Pipeline->Illuminate\\Pipeline\\{closure}(Object(Illuminate\\Http\\Request))
#39 /home/nk6nzmf8mf9q/public_html/fdadmin.prometteur.in/vendor/laravel/framework/src/Illuminate/Pipeline/Pipeline.php(167): Illuminate\\Foundation\\Http\\Middleware\\TransformsRequest->handle(Object(Illuminate\\Http\\Request), Object(Closure))
#40 /home/nk6nzmf8mf9q/public_html/fdadmin.prometteur.in/vendor/laravel/framework/src/Illuminate/Foundation/Http/Middleware/ValidatePostSize.php(27): Illuminate\\Pipeline\\Pipeline->Illuminate\\Pipeline\\{closure}(Object(Illuminate\\Http\\Request))
#41 /home/nk6nzmf8mf9q/public_html/fdadmin.prometteur.in/vendor/laravel/framework/src/Illuminate/Pipeline/Pipeline.php(167): Illuminate\\Foundation\\Http\\Middleware\\ValidatePostSize->handle(Object(Illuminate\\Http\\Request), Object(Closure))
#42 /home/nk6nzmf8mf9q/public_html/fdadmin.prometteur.in/vendor/laravel/framework/src/Illuminate/Foundation/Http/Middleware/PreventRequestsDuringMaintenance.php(86): Illuminate\\Pipeline\\Pipeline->Illuminate\\Pipeline\\{closure}(Object(Illuminate\\Http\\Request))
#43 /home/nk6nzmf8mf9q/public_html/fdadmin.prometteur.in/vendor/laravel/framework/src/Illuminate/Pipeline/Pipeline.php(167): Illuminate\\Foundation\\Http\\Middleware\\PreventRequestsDuringMaintenance->handle(Object(Illuminate\\Http\\Request), Object(Closure))
#44 /home/nk6nzmf8mf9q/public_html/fdadmin.prometteur.in/vendor/fruitcake/laravel-cors/src/HandleCors.php(37): Illuminate\\Pipeline\\Pipeline->Illuminate\\Pipeline\\{closure}(Object(Illuminate\\Http\\Request))
#45 /home/nk6nzmf8mf9q/public_html/fdadmin.prometteur.in/vendor/laravel/framework/src/Illuminate/Pipeline/Pipeline.php(167): Fruitcake\\Cors\\HandleCors->handle(Object(Illuminate\\Http\\Request), Object(Closure))
#46 /home/nk6nzmf8mf9q/public_html/fdadmin.prometteur.in/vendor/fideloper/proxy/src/TrustProxies.php(57): Illuminate\\Pipeline\\Pipeline->Illuminate\\Pipeline\\{closure}(Object(Illuminate\\Http\\Request))
#47 /home/nk6nzmf8mf9q/public_html/fdadmin.prometteur.in/vendor/laravel/framework/src/Illuminate/Pipeline/Pipeline.php(167): Fideloper\\Proxy\\TrustProxies->handle(Object(Illuminate\\Http\\Request), Object(Closure))
#48 /home/nk6nzmf8mf9q/public_html/fdadmin.prometteur.in/vendor/laravel/framework/src/Illuminate/Pipeline/Pipeline.php(103): Illuminate\\Pipeline\\Pipeline->Illuminate\\Pipeline\\{closure}(Object(Illuminate\\Http\\Request))
#49 /home/nk6nzmf8mf9q/public_html/fdadmin.prometteur.in/vendor/laravel/framework/src/Illuminate/Foundation/Http/Kernel.php(141): Illuminate\\Pipeline\\Pipeline->then(Object(Closure))
#50 /home/nk6nzmf8mf9q/public_html/fdadmin.prometteur.in/vendor/laravel/framework/src/Illuminate/Foundation/Http/Kernel.php(110): Illuminate\\Foundation\\Http\\Kernel->sendRequestThroughRouter(Object(Illuminate\\Http\\Request))
#51 /home/nk6nzmf8mf9q/public_html/fdadmin.prometteur.in/public/index.php(52): Illuminate\\Foundation\\Http\\Kernel->handle(Object(Illuminate\\Http\\Request))
#52 {main}
"} 
[2021-09-09 12:49:42] local.ERROR: Allowed memory size of 536870912 bytes exhausted (tried to allocate 526389248 bytes) {"userId":1,"exception":"[object] (Symfony\\Component\\ErrorHandler\\Error\\FatalError(code: 0): Allowed memory size of 536870912 bytes exhausted (tried to allocate 526389248 bytes) at /home/nk6nzmf8mf9q/public_html/fdadmin.prometteur.in/app/Http/Controllers/OrderController.php:85)
[stacktrace]
#0 {main}
"} 
