[2021-09-13 15:20:05] local.ERROR: Class 'App\Http\Controllers\Order' not found {"userId":1,"exception":"[object] (Error(code: 0): Class 'App\\Http\\Controllers\\Order' not found at /home/nk6nzmf8mf9q/public_html/fdadmin.prometteur.in/app/Http/Controllers/RestorantController.php:730)
[stacktrace]
#0 /home/nk6nzmf8mf9q/public_html/fdadmin.prometteur.in/vendor/laravel/framework/src/Illuminate/Routing/Controller.php(54): App\\Http\\Controllers\\RestorantController->remove(Object(App\\Restorant))
#1 /home/nk6nzmf8mf9q/public_html/fdadmin.prometteur.in/vendor/laravel/framework/src/Illuminate/Routing/ControllerDispatcher.php(45): Illuminate\\Routing\\Controller->callAction('remove', Array)
#2 /home/nk6nzmf8mf9q/public_html/fdadmin.prometteur.in/vendor/laravel/framework/src/Illuminate/Routing/Route.php(254): Illuminate\\Routing\\ControllerDispatcher->dispatch(Object(Illuminate\\Routing\\Route), Object(App\\Http\\Controllers\\RestorantController), 'remove')
#3 /home/nk6nzmf8mf9q/public_html/fdadmin.prometteur.in/vendor/laravel/framework/src/Illuminate/Routing/Route.php(197): Illuminate\\Routing\\Route->runController()
#4 /home/nk6nzmf8mf9q/public_html/fdadmin.prometteur.in/vendor/laravel/framework/src/Illuminate/Routing/Router.php(693): Illuminate\\Routing\\Route->run()
#5 /home/nk6nzmf8mf9q/public_html/fdadmin.prometteur.in/vendor/laravel/framework/src/Illuminate/Pipeline/Pipeline.php(128): Illuminate\\Routing\\Router->Illuminate\\Routing\\{closure}(Object(Illuminate\\Http\\Request))
#6 /home/nk6nzmf8mf9q/public_html/fdadmin.prometteur.in/vendor/laravel/framework/src/Illuminate/Routing/Middleware/SubstituteBindings.php(50): Illuminate\\Pipeline\\Pipeline->Illuminate\\Pipeline\\{closure}(Object(Illuminate\\Http\\Request))
#7 /home/nk6nzmf8mf9q/public_html/fdadmin.prometteur.in/vendor/laravel/framework/src/Illuminate/Pipeline/Pipeline.php(167): Illuminate\\Routing\\Middleware\\SubstituteBindings->handle(Object(Illuminate\\Http\\Request), Object(Closure))
#8 /home/nk6nzmf8mf9q/public_html/fdadmin.prometteur.in/vendor/laravel/framework/src/Illuminate/Auth/Middleware/Authenticate.php(44): Illuminate\\Pipeline\\Pipeline->Illuminate\\Pipeline\\{closure}(Object(Illuminate\\Http\\Request))
#9 /home/nk6nzmf8mf9q/public_html/fdadmin.prometteur.in/vendor/laravel/framework/src/Illuminate/Pipeline/Pipeline.php(167): Illuminate\\Auth\\Middleware\\Authenticate->handle(Object(Illuminate\\Http\\Request), Object(Closure))
#10 /home/nk6nzmf8mf9q/public_html/fdadmin.prometteur.in/vendor/laravel/framework/src/Illuminate/Foundation/Http/Middleware/VerifyCsrfToken.php(78): Illuminate\\Pipeline\\Pipeline->Illuminate\\Pipeline\\{closure}(Object(Illuminate\\Http\\Request))
#11 /home/nk6nzmf8mf9q/public_html/fdadmin.prometteur.in/app/Http/Middleware/VerifyCsrfToken.php(39): Illuminate\\Foundation\\Http\\Middleware\\VerifyCsrfToken->handle(Object(Illuminate\\Http\\Request), Object(Closure))
#12 /home/nk6nzmf8mf9q/public_html/fdadmin.prometteur.in/vendor/laravel/framework/src/Illuminate/Pipeline/Pipeline.php(167): App\\Http\\Middleware\\VerifyCsrfToken->handle(Object(Illuminate\\Http\\Request), Object(Closure))
#13 /home/nk6nzmf8mf9q/public_html/fdadmin.prometteur.in/vendor/laravel/framework/src/Illuminate/View/Middleware/ShareErrorsFromSession.php(49): Illuminate\\Pipeline\\Pipeline->Illuminate\\Pipeline\\{closure}(Object(Illuminate\\Http\\Request))
#14 /home/nk6nzmf8mf9q/public_html/fdadmin.prometteur.in/vendor/laravel/framework/src/Illuminate/Pipeline/Pipeline.php(167): Illuminate\\View\\Middleware\\ShareErrorsFromSession->handle(Object(Illuminate\\Http\\Request), Object(Closure))
#15 /home/nk6nzmf8mf9q/public_html/fdadmin.prometteur.in/app/Http/Middleware/Language.php(32): Illuminate\\Pipeline\\Pipeline->Illuminate\\Pipeline\\{closure}(Object(Illuminate\\Http\\Request))
#16 /home/nk6nzmf8mf9q/public_html/fdadmin.prometteur.in/vendor/laravel/framework/src/Illuminate/Pipeline/Pipeline.php(167): App\\Http\\Middleware\\Language->handle(Object(Illuminate\\Http\\Request), Object(Closure))
#17 /home/nk6nzmf8mf9q/public_html/fdadmin.prometteur.in/vendor/laravel/framework/src/Illuminate/Session/Middleware/StartSession.php(121): Illuminate\\Pipeline\\Pipeline->Illuminate\\Pipeline\\{closure}(Object(Illuminate\\Http\\Request))
#18 /home/nk6nzmf8mf9q/public_html/fdadmin.prometteur.in/vendor/laravel/framework/src/Illuminate/Session/Middleware/StartSession.php(63): Illuminate\\Session\\Middleware\\StartSession->handleStatefulRequest(Object(Illuminate\\Http\\Request), Object(Illuminate\\Session\\Store), Object(Closure))
#19 /home/nk6nzmf8mf9q/public_html/fdadmin.prometteur.in/vendor/laravel/framework/src/Illuminate/Pipeline/Pipeline.php(167): Illuminate\\Session\\Middleware\\StartSession->handle(Object(Illuminate\\Http\\Request), Object(Closure))
#20 /home/nk6nzmf8mf9q/public_html/fdadmin.prometteur.in/vendor/laravel/framework/src/Illuminate/Cookie/Middleware/AddQueuedCookiesToResponse.php(37): Illuminate\\Pipeline\\Pipeline->Illuminate\\Pipeline\\{closure}(Object(Illuminate\\Http\\Request))
#21 /home/nk6nzmf8mf9q/public_html/fdadmin.prometteur.in/vendor/laravel/framework/src/Illuminate/Pipeline/Pipeline.php(167): Illuminate\\Cookie\\Middleware\\AddQueuedCookiesToResponse->handle(Object(Illuminate\\Http\\Request), Object(Closure))
#22 /home/nk6nzmf8mf9q/public_html/fdadmin.prometteur.in/vendor/laravel/framework/src/Illuminate/Cookie/Middleware/EncryptCookies.php(67): Illuminate\\Pipeline\\Pipeline->Illuminate\\Pipeline\\{closure}(Object(Illuminate\\Http\\Request))
#23 /home/nk6nzmf8mf9q/public_html/fdadmin.prometteur.in/vendor/laravel/framework/src/Illuminate/Pipeline/Pipeline.php(167): Illuminate\\Cookie\\Middleware\\EncryptCookies->handle(Object(Illuminate\\Http\\Request), Object(Closure))
#24 /home/nk6nzmf8mf9q/public_html/fdadmin.prometteur.in/vendor/mobidonia/laravel-dashboard-installer/src/Middleware/ToInstallMiddleware.php(23): Illuminate\\Pipeline\\Pipeline->Illuminate\\Pipeline\\{closure}(Object(Illuminate\\Http\\Request))
#25 /home/nk6nzmf8mf9q/public_html/fdadmin.prometteur.in/vendor/laravel/framework/src/Illuminate/Pipeline/Pipeline.php(167): dacoto\\LaravelInstaller\\Middleware\\ToInstallMiddleware->handle(Object(Illuminate\\Http\\Request), Object(Closure))
#26 /home/nk6nzmf8mf9q/public_html/fdadmin.prometteur.in/vendor/laravel/framework/src/Illuminate/Pipeline/Pipeline.php(103): Illuminate\\Pipeline\\Pipeline->Illuminate\\Pipeline\\{closure}(Object(Illuminate\\Http\\Request))
#27 /home/nk6nzmf8mf9q/public_html/fdadmin.prometteur.in/vendor/laravel/framework/src/Illuminate/Routing/Router.php(695): Illuminate\\Pipeline\\Pipeline->then(Object(Closure))
#28 /home/nk6nzmf8mf9q/public_html/fdadmin.prometteur.in/vendor/laravel/framework/src/Illuminate/Routing/Router.php(670): Illuminate\\Routing\\Router->runRouteWithinStack(Object(Illuminate\\Routing\\Route), Object(Illuminate\\Http\\Request))
#29 /home/nk6nzmf8mf9q/public_html/fdadmin.prometteur.in/vendor/laravel/framework/src/Illuminate/Routing/Router.php(636): Illuminate\\Routing\\Router->runRoute(Object(Illuminate\\Http\\Request), Object(Illuminate\\Routing\\Route))
#30 /home/nk6nzmf8mf9q/public_html/fdadmin.prometteur.in/vendor/laravel/framework/src/Illuminate/Routing/Router.php(625): Illuminate\\Routing\\Router->dispatchToRoute(Object(Illuminate\\Http\\Request))
#31 /home/nk6nzmf8mf9q/public_html/fdadmin.prometteur.in/vendor/laravel/framework/src/Illuminate/Foundation/Http/Kernel.php(166): Illuminate\\Routing\\Router->dispatch(Object(Illuminate\\Http\\Request))
#32 /home/nk6nzmf8mf9q/public_html/fdadmin.prometteur.in/vendor/laravel/framework/src/Illuminate/Pipeline/Pipeline.php(128): Illuminate\\Foundation\\Http\\Kernel->Illuminate\\Foundation\\Http\\{closure}(Object(Illuminate\\Http\\Request))
#33 /home/nk6nzmf8mf9q/public_html/fdadmin.prometteur.in/vendor/barryvdh/laravel-debugbar/src/Middleware/InjectDebugbar.php(67): Illuminate\\Pipeline\\Pipeline->Illuminate\\Pipeline\\{closure}(Object(Illuminate\\Http\\Request))
#34 /home/nk6nzmf8mf9q/public_html/fdadmin.prometteur.in/vendor/laravel/framework/src/Illuminate/Pipeline/Pipeline.php(167): Barryvdh\\Debugbar\\Middleware\\InjectDebugbar->handle(Object(Illuminate\\Http\\Request), Object(Closure))
#35 /home/nk6nzmf8mf9q/public_html/fdadmin.prometteur.in/vendor/laravel/framework/src/Illuminate/Foundation/Http/Middleware/TransformsRequest.php(21): Illuminate\\Pipeline\\Pipeline->Illuminate\\Pipeline\\{closure}(Object(Illuminate\\Http\\Request))
#36 /home/nk6nzmf8mf9q/public_html/fdadmin.prometteur.in/vendor/laravel/framework/src/Illuminate/Pipeline/Pipeline.php(167): Illuminate\\Foundation\\Http\\Middleware\\TransformsRequest->handle(Object(Illuminate\\Http\\Request), Object(Closure))
#37 /home/nk6nzmf8mf9q/public_html/fdadmin.prometteur.in/vendor/laravel/framework/src/Illuminate/Foundation/Http/Middleware/TransformsRequest.php(21): Illuminate\\Pipeline\\Pipeline->Illuminate\\Pipeline\\{closure}(Object(Illuminate\\Http\\Request))
#38 /home/nk6nzmf8mf9q/public_html/fdadmin.prometteur.in/vendor/laravel/framework/src/Illuminate/Pipeline/Pipeline.php(167): Illuminate\\Foundation\\Http\\Middleware\\TransformsRequest->handle(Object(Illuminate\\Http\\Request), Object(Closure))
#39 /home/nk6nzmf8mf9q/public_html/fdadmin.prometteur.in/vendor/laravel/framework/src/Illuminate/Foundation/Http/Middleware/ValidatePostSize.php(27): Illuminate\\Pipeline\\Pipeline->Illuminate\\Pipeline\\{closure}(Object(Illuminate\\Http\\Request))
#40 /home/nk6nzmf8mf9q/public_html/fdadmin.prometteur.in/vendor/laravel/framework/src/Illuminate/Pipeline/Pipeline.php(167): Illuminate\\Foundation\\Http\\Middleware\\ValidatePostSize->handle(Object(Illuminate\\Http\\Request), Object(Closure))
#41 /home/nk6nzmf8mf9q/public_html/fdadmin.prometteur.in/vendor/laravel/framework/src/Illuminate/Foundation/Http/Middleware/PreventRequestsDuringMaintenance.php(86): Illuminate\\Pipeline\\Pipeline->Illuminate\\Pipeline\\{closure}(Object(Illuminate\\Http\\Request))
#42 /home/nk6nzmf8mf9q/public_html/fdadmin.prometteur.in/vendor/laravel/framework/src/Illuminate/Pipeline/Pipeline.php(167): Illuminate\\Foundation\\Http\\Middleware\\PreventRequestsDuringMaintenance->handle(Object(Illuminate\\Http\\Request), Object(Closure))
#43 /home/nk6nzmf8mf9q/public_html/fdadmin.prometteur.in/vendor/fruitcake/laravel-cors/src/HandleCors.php(37): Illuminate\\Pipeline\\Pipeline->Illuminate\\Pipeline\\{closure}(Object(Illuminate\\Http\\Request))
#44 /home/nk6nzmf8mf9q/public_html/fdadmin.prometteur.in/vendor/laravel/framework/src/Illuminate/Pipeline/Pipeline.php(167): Fruitcake\\Cors\\HandleCors->handle(Object(Illuminate\\Http\\Request), Object(Closure))
#45 /home/nk6nzmf8mf9q/public_html/fdadmin.prometteur.in/vendor/fideloper/proxy/src/TrustProxies.php(57): Illuminate\\Pipeline\\Pipeline->Illuminate\\Pipeline\\{closure}(Object(Illuminate\\Http\\Request))
#46 /home/nk6nzmf8mf9q/public_html/fdadmin.prometteur.in/vendor/laravel/framework/src/Illuminate/Pipeline/Pipeline.php(167): Fideloper\\Proxy\\TrustProxies->handle(Object(Illuminate\\Http\\Request), Object(Closure))
#47 /home/nk6nzmf8mf9q/public_html/fdadmin.prometteur.in/vendor/laravel/framework/src/Illuminate/Pipeline/Pipeline.php(103): Illuminate\\Pipeline\\Pipeline->Illuminate\\Pipeline\\{closure}(Object(Illuminate\\Http\\Request))
#48 /home/nk6nzmf8mf9q/public_html/fdadmin.prometteur.in/vendor/laravel/framework/src/Illuminate/Foundation/Http/Kernel.php(141): Illuminate\\Pipeline\\Pipeline->then(Object(Closure))
#49 /home/nk6nzmf8mf9q/public_html/fdadmin.prometteur.in/vendor/laravel/framework/src/Illuminate/Foundation/Http/Kernel.php(110): Illuminate\\Foundation\\Http\\Kernel->sendRequestThroughRouter(Object(Illuminate\\Http\\Request))
#50 /home/nk6nzmf8mf9q/public_html/fdadmin.prometteur.in/public/index.php(52): Illuminate\\Foundation\\Http\\Kernel->handle(Object(Illuminate\\Http\\Request))
#51 {main}
"} 
[2021-09-13 16:19:01] local.ERROR: SQLSTATE[23000]: Integrity constraint violation: 1062 Duplicate entry 'manjeeri.n@prometteur.in.del' for key 'users_email_unique' (SQL: update `users` set `email` = manjeeri.n@prometteur.in.del, `api_token` = bxmJRGiOR13kceTW4GOgdQMGLTB1EXzyVe8fu85wrBa2zOFx7XrpWH5H2kJpKthAnnF3MqgtPznblGWr.del, `phone` = 7777777771.del, `active` = 0, `users`.`updated_at` = 2021-09-13 16:19:01 where `id` = 166) {"userId":1,"exception":"[object] (Illuminate\\Database\\QueryException(code: 23000): SQLSTATE[23000]: Integrity constraint violation: 1062 Duplicate entry 'manjeeri.n@prometteur.in.del' for key 'users_email_unique' (SQL: update `users` set `email` = manjeeri.n@prometteur.in.del, `api_token` = bxmJRGiOR13kceTW4GOgdQMGLTB1EXzyVe8fu85wrBa2zOFx7XrpWH5H2kJpKthAnnF3MqgtPznblGWr.del, `phone` = 7777777771.del, `active` = 0, `users`.`updated_at` = 2021-09-13 16:19:01 where `id` = 166) at /home/nk6nzmf8mf9q/public_html/fdadmin.prometteur.in/vendor/laravel/framework/src/Illuminate/Database/Connection.php:678)
[stacktrace]
#0 /home/nk6nzmf8mf9q/public_html/fdadmin.prometteur.in/vendor/laravel/framework/src/Illuminate/Database/Connection.php(638): Illuminate\\Database\\Connection->runQueryCallback('update `users` ...', Array, Object(Closure))
#1 /home/nk6nzmf8mf9q/public_html/fdadmin.prometteur.in/vendor/laravel/framework/src/Illuminate/Database/Connection.php(503): Illuminate\\Database\\Connection->run('update `users` ...', Array, Object(Closure))
#2 /home/nk6nzmf8mf9q/public_html/fdadmin.prometteur.in/vendor/laravel/framework/src/Illuminate/Database/Connection.php(436): Illuminate\\Database\\Connection->affectingStatement('update `users` ...', Array)
#3 /home/nk6nzmf8mf9q/public_html/fdadmin.prometteur.in/vendor/laravel/framework/src/Illuminate/Database/Query/Builder.php(2913): Illuminate\\Database\\Connection->update('update `users` ...', Array)
#4 /home/nk6nzmf8mf9q/public_html/fdadmin.prometteur.in/vendor/laravel/framework/src/Illuminate/Database/Eloquent/Builder.php(824): Illuminate\\Database\\Query\\Builder->update(Array)
#5 /home/nk6nzmf8mf9q/public_html/fdadmin.prometteur.in/vendor/laravel/framework/src/Illuminate/Database/Eloquent/Model.php(935): Illuminate\\Database\\Eloquent\\Builder->update(Array)
#6 /home/nk6nzmf8mf9q/public_html/fdadmin.prometteur.in/vendor/laravel/framework/src/Illuminate/Database/Eloquent/Model.php(850): Illuminate\\Database\\Eloquent\\Model->performUpdate(Object(Illuminate\\Database\\Eloquent\\Builder))
#7 /home/nk6nzmf8mf9q/public_html/fdadmin.prometteur.in/vendor/laravel/framework/src/Illuminate/Database/Eloquent/Model.php(782): Illuminate\\Database\\Eloquent\\Model->save(Array)
#8 /home/nk6nzmf8mf9q/public_html/fdadmin.prometteur.in/app/Http/Controllers/RestorantController.php(743): Illuminate\\Database\\Eloquent\\Model->update()
#9 /home/nk6nzmf8mf9q/public_html/fdadmin.prometteur.in/vendor/laravel/framework/src/Illuminate/Routing/Controller.php(54): App\\Http\\Controllers\\RestorantController->remove(Object(App\\Restorant))
#10 /home/nk6nzmf8mf9q/public_html/fdadmin.prometteur.in/vendor/laravel/framework/src/Illuminate/Routing/ControllerDispatcher.php(45): Illuminate\\Routing\\Controller->callAction('remove', Array)
#11 /home/nk6nzmf8mf9q/public_html/fdadmin.prometteur.in/vendor/laravel/framework/src/Illuminate/Routing/Route.php(254): Illuminate\\Routing\\ControllerDispatcher->dispatch(Object(Illuminate\\Routing\\Route), Object(App\\Http\\Controllers\\RestorantController), 'remove')
#12 /home/nk6nzmf8mf9q/public_html/fdadmin.prometteur.in/vendor/laravel/framework/src/Illuminate/Routing/Route.php(197): Illuminate\\Routing\\Route->runController()
#13 /home/nk6nzmf8mf9q/public_html/fdadmin.prometteur.in/vendor/laravel/framework/src/Illuminate/Routing/Router.php(693): Illuminate\\Routing\\Route->run()
#14 /home/nk6nzmf8mf9q/public_html/fdadmin.prometteur.in/vendor/laravel/framework/src/Illuminate/Pipeline/Pipeline.php(128): Illuminate\\Routing\\Router->Illuminate\\Routing\\{closure}(Object(Illuminate\\Http\\Request))
#15 /home/nk6nzmf8mf9q/public_html/fdadmin.prometteur.in/vendor/laravel/framework/src/Illuminate/Routing/Middleware/SubstituteBindings.php(50): Illuminate\\Pipeline\\Pipeline->Illuminate\\Pipeline\\{closure}(Object(Illuminate\\Http\\Request))
#16 /home/nk6nzmf8mf9q/public_html/fdadmin.prometteur.in/vendor/laravel/framework/src/Illuminate/Pipeline/Pipeline.php(167): Illuminate\\Routing\\Middleware\\SubstituteBindings->handle(Object(Illuminate\\Http\\Request), Object(Closure))
#17 /home/nk6nzmf8mf9q/public_html/fdadmin.prometteur.in/vendor/laravel/framework/src/Illuminate/Auth/Middleware/Authenticate.php(44): Illuminate\\Pipeline\\Pipeline->Illuminate\\Pipeline\\{closure}(Object(Illuminate\\Http\\Request))
#18 /home/nk6nzmf8mf9q/public_html/fdadmin.prometteur.in/vendor/laravel/framework/src/Illuminate/Pipeline/Pipeline.php(167): Illuminate\\Auth\\Middleware\\Authenticate->handle(Object(Illuminate\\Http\\Request), Object(Closure))
#19 /home/nk6nzmf8mf9q/public_html/fdadmin.prometteur.in/vendor/laravel/framework/src/Illuminate/Foundation/Http/Middleware/VerifyCsrfToken.php(78): Illuminate\\Pipeline\\Pipeline->Illuminate\\Pipeline\\{closure}(Object(Illuminate\\Http\\Request))
#20 /home/nk6nzmf8mf9q/public_html/fdadmin.prometteur.in/app/Http/Middleware/VerifyCsrfToken.php(39): Illuminate\\Foundation\\Http\\Middleware\\VerifyCsrfToken->handle(Object(Illuminate\\Http\\Request), Object(Closure))
#21 /home/nk6nzmf8mf9q/public_html/fdadmin.prometteur.in/vendor/laravel/framework/src/Illuminate/Pipeline/Pipeline.php(167): App\\Http\\Middleware\\VerifyCsrfToken->handle(Object(Illuminate\\Http\\Request), Object(Closure))
#22 /home/nk6nzmf8mf9q/public_html/fdadmin.prometteur.in/vendor/laravel/framework/src/Illuminate/View/Middleware/ShareErrorsFromSession.php(49): Illuminate\\Pipeline\\Pipeline->Illuminate\\Pipeline\\{closure}(Object(Illuminate\\Http\\Request))
#23 /home/nk6nzmf8mf9q/public_html/fdadmin.prometteur.in/vendor/laravel/framework/src/Illuminate/Pipeline/Pipeline.php(167): Illuminate\\View\\Middleware\\ShareErrorsFromSession->handle(Object(Illuminate\\Http\\Request), Object(Closure))
#24 /home/nk6nzmf8mf9q/public_html/fdadmin.prometteur.in/app/Http/Middleware/Language.php(32): Illuminate\\Pipeline\\Pipeline->Illuminate\\Pipeline\\{closure}(Object(Illuminate\\Http\\Request))
#25 /home/nk6nzmf8mf9q/public_html/fdadmin.prometteur.in/vendor/laravel/framework/src/Illuminate/Pipeline/Pipeline.php(167): App\\Http\\Middleware\\Language->handle(Object(Illuminate\\Http\\Request), Object(Closure))
#26 /home/nk6nzmf8mf9q/public_html/fdadmin.prometteur.in/vendor/laravel/framework/src/Illuminate/Session/Middleware/StartSession.php(121): Illuminate\\Pipeline\\Pipeline->Illuminate\\Pipeline\\{closure}(Object(Illuminate\\Http\\Request))
#27 /home/nk6nzmf8mf9q/public_html/fdadmin.prometteur.in/vendor/laravel/framework/src/Illuminate/Session/Middleware/StartSession.php(63): Illuminate\\Session\\Middleware\\StartSession->handleStatefulRequest(Object(Illuminate\\Http\\Request), Object(Illuminate\\Session\\Store), Object(Closure))
#28 /home/nk6nzmf8mf9q/public_html/fdadmin.prometteur.in/vendor/laravel/framework/src/Illuminate/Pipeline/Pipeline.php(167): Illuminate\\Session\\Middleware\\StartSession->handle(Object(Illuminate\\Http\\Request), Object(Closure))
#29 /home/nk6nzmf8mf9q/public_html/fdadmin.prometteur.in/vendor/laravel/framework/src/Illuminate/Cookie/Middleware/AddQueuedCookiesToResponse.php(37): Illuminate\\Pipeline\\Pipeline->Illuminate\\Pipeline\\{closure}(Object(Illuminate\\Http\\Request))
#30 /home/nk6nzmf8mf9q/public_html/fdadmin.prometteur.in/vendor/laravel/framework/src/Illuminate/Pipeline/Pipeline.php(167): Illuminate\\Cookie\\Middleware\\AddQueuedCookiesToResponse->handle(Object(Illuminate\\Http\\Request), Object(Closure))
#31 /home/nk6nzmf8mf9q/public_html/fdadmin.prometteur.in/vendor/laravel/framework/src/Illuminate/Cookie/Middleware/EncryptCookies.php(67): Illuminate\\Pipeline\\Pipeline->Illuminate\\Pipeline\\{closure}(Object(Illuminate\\Http\\Request))
#32 /home/nk6nzmf8mf9q/public_html/fdadmin.prometteur.in/vendor/laravel/framework/src/Illuminate/Pipeline/Pipeline.php(167): Illuminate\\Cookie\\Middleware\\EncryptCookies->handle(Object(Illuminate\\Http\\Request), Object(Closure))
#33 /home/nk6nzmf8mf9q/public_html/fdadmin.prometteur.in/vendor/mobidonia/laravel-dashboard-installer/src/Middleware/ToInstallMiddleware.php(23): Illuminate\\Pipeline\\Pipeline->Illuminate\\Pipeline\\{closure}(Object(Illuminate\\Http\\Request))
#34 /home/nk6nzmf8mf9q/public_html/fdadmin.prometteur.in/vendor/laravel/framework/src/Illuminate/Pipeline/Pipeline.php(167): dacoto\\LaravelInstaller\\Middleware\\ToInstallMiddleware->handle(Object(Illuminate\\Http\\Request), Object(Closure))
#35 /home/nk6nzmf8mf9q/public_html/fdadmin.prometteur.in/vendor/laravel/framework/src/Illuminate/Pipeline/Pipeline.php(103): Illuminate\\Pipeline\\Pipeline->Illuminate\\Pipeline\\{closure}(Object(Illuminate\\Http\\Request))
#36 /home/nk6nzmf8mf9q/public_html/fdadmin.prometteur.in/vendor/laravel/framework/src/Illuminate/Routing/Router.php(695): Illuminate\\Pipeline\\Pipeline->then(Object(Closure))
#37 /home/nk6nzmf8mf9q/public_html/fdadmin.prometteur.in/vendor/laravel/framework/src/Illuminate/Routing/Router.php(670): Illuminate\\Routing\\Router->runRouteWithinStack(Object(Illuminate\\Routing\\Route), Object(Illuminate\\Http\\Request))
#38 /home/nk6nzmf8mf9q/public_html/fdadmin.prometteur.in/vendor/laravel/framework/src/Illuminate/Routing/Router.php(636): Illuminate\\Routing\\Router->runRoute(Object(Illuminate\\Http\\Request), Object(Illuminate\\Routing\\Route))
#39 /home/nk6nzmf8mf9q/public_html/fdadmin.prometteur.in/vendor/laravel/framework/src/Illuminate/Routing/Router.php(625): Illuminate\\Routing\\Router->dispatchToRoute(Object(Illuminate\\Http\\Request))
#40 /home/nk6nzmf8mf9q/public_html/fdadmin.prometteur.in/vendor/laravel/framework/src/Illuminate/Foundation/Http/Kernel.php(166): Illuminate\\Routing\\Router->dispatch(Object(Illuminate\\Http\\Request))
#41 /home/nk6nzmf8mf9q/public_html/fdadmin.prometteur.in/vendor/laravel/framework/src/Illuminate/Pipeline/Pipeline.php(128): Illuminate\\Foundation\\Http\\Kernel->Illuminate\\Foundation\\Http\\{closure}(Object(Illuminate\\Http\\Request))
#42 /home/nk6nzmf8mf9q/public_html/fdadmin.prometteur.in/vendor/barryvdh/laravel-debugbar/src/Middleware/InjectDebugbar.php(67): Illuminate\\Pipeline\\Pipeline->Illuminate\\Pipeline\\{closure}(Object(Illuminate\\Http\\Request))
#43 /home/nk6nzmf8mf9q/public_html/fdadmin.prometteur.in/vendor/laravel/framework/src/Illuminate/Pipeline/Pipeline.php(167): Barryvdh\\Debugbar\\Middleware\\InjectDebugbar->handle(Object(Illuminate\\Http\\Request), Object(Closure))
#44 /home/nk6nzmf8mf9q/public_html/fdadmin.prometteur.in/vendor/laravel/framework/src/Illuminate/Foundation/Http/Middleware/TransformsRequest.php(21): Illuminate\\Pipeline\\Pipeline->Illuminate\\Pipeline\\{closure}(Object(Illuminate\\Http\\Request))
#45 /home/nk6nzmf8mf9q/public_html/fdadmin.prometteur.in/vendor/laravel/framework/src/Illuminate/Pipeline/Pipeline.php(167): Illuminate\\Foundation\\Http\\Middleware\\TransformsRequest->handle(Object(Illuminate\\Http\\Request), Object(Closure))
#46 /home/nk6nzmf8mf9q/public_html/fdadmin.prometteur.in/vendor/laravel/framework/src/Illuminate/Foundation/Http/Middleware/TransformsRequest.php(21): Illuminate\\Pipeline\\Pipeline->Illuminate\\Pipeline\\{closure}(Object(Illuminate\\Http\\Request))
#47 /home/nk6nzmf8mf9q/public_html/fdadmin.prometteur.in/vendor/laravel/framework/src/Illuminate/Pipeline/Pipeline.php(167): Illuminate\\Foundation\\Http\\Middleware\\TransformsRequest->handle(Object(Illuminate\\Http\\Request), Object(Closure))
#48 /home/nk6nzmf8mf9q/public_html/fdadmin.prometteur.in/vendor/laravel/framework/src/Illuminate/Foundation/Http/Middleware/ValidatePostSize.php(27): Illuminate\\Pipeline\\Pipeline->Illuminate\\Pipeline\\{closure}(Object(Illuminate\\Http\\Request))
#49 /home/nk6nzmf8mf9q/public_html/fdadmin.prometteur.in/vendor/laravel/framework/src/Illuminate/Pipeline/Pipeline.php(167): Illuminate\\Foundation\\Http\\Middleware\\ValidatePostSize->handle(Object(Illuminate\\Http\\Request), Object(Closure))
#50 /home/nk6nzmf8mf9q/public_html/fdadmin.prometteur.in/vendor/laravel/framework/src/Illuminate/Foundation/Http/Middleware/PreventRequestsDuringMaintenance.php(86): Illuminate\\Pipeline\\Pipeline->Illuminate\\Pipeline\\{closure}(Object(Illuminate\\Http\\Request))
#51 /home/nk6nzmf8mf9q/public_html/fdadmin.prometteur.in/vendor/laravel/framework/src/Illuminate/Pipeline/Pipeline.php(167): Illuminate\\Foundation\\Http\\Middleware\\PreventRequestsDuringMaintenance->handle(Object(Illuminate\\Http\\Request), Object(Closure))
#52 /home/nk6nzmf8mf9q/public_html/fdadmin.prometteur.in/vendor/fruitcake/laravel-cors/src/HandleCors.php(37): Illuminate\\Pipeline\\Pipeline->Illuminate\\Pipeline\\{closure}(Object(Illuminate\\Http\\Request))
#53 /home/nk6nzmf8mf9q/public_html/fdadmin.prometteur.in/vendor/laravel/framework/src/Illuminate/Pipeline/Pipeline.php(167): Fruitcake\\Cors\\HandleCors->handle(Object(Illuminate\\Http\\Request), Object(Closure))
#54 /home/nk6nzmf8mf9q/public_html/fdadmin.prometteur.in/vendor/fideloper/proxy/src/TrustProxies.php(57): Illuminate\\Pipeline\\Pipeline->Illuminate\\Pipeline\\{closure}(Object(Illuminate\\Http\\Request))
#55 /home/nk6nzmf8mf9q/public_html/fdadmin.prometteur.in/vendor/laravel/framework/src/Illuminate/Pipeline/Pipeline.php(167): Fideloper\\Proxy\\TrustProxies->handle(Object(Illuminate\\Http\\Request), Object(Closure))
#56 /home/nk6nzmf8mf9q/public_html/fdadmin.prometteur.in/vendor/laravel/framework/src/Illuminate/Pipeline/Pipeline.php(103): Illuminate\\Pipeline\\Pipeline->Illuminate\\Pipeline\\{closure}(Object(Illuminate\\Http\\Request))
#57 /home/nk6nzmf8mf9q/public_html/fdadmin.prometteur.in/vendor/laravel/framework/src/Illuminate/Foundation/Http/Kernel.php(141): Illuminate\\Pipeline\\Pipeline->then(Object(Closure))
#58 /home/nk6nzmf8mf9q/public_html/fdadmin.prometteur.in/vendor/laravel/framework/src/Illuminate/Foundation/Http/Kernel.php(110): Illuminate\\Foundation\\Http\\Kernel->sendRequestThroughRouter(Object(Illuminate\\Http\\Request))
#59 /home/nk6nzmf8mf9q/public_html/fdadmin.prometteur.in/public/index.php(52): Illuminate\\Foundation\\Http\\Kernel->handle(Object(Illuminate\\Http\\Request))
#60 {main}

[previous exception] [object] (Doctrine\\DBAL\\Driver\\PDO\\Exception(code: 23000): SQLSTATE[23000]: Integrity constraint violation: 1062 Duplicate entry 'manjeeri.n@prometteur.in.del' for key 'users_email_unique' at /home/nk6nzmf8mf9q/public_html/fdadmin.prometteur.in/vendor/doctrine/dbal/lib/Doctrine/DBAL/Driver/PDO/Exception.php:18)
[stacktrace]
#0 /home/nk6nzmf8mf9q/public_html/fdadmin.prometteur.in/vendor/doctrine/dbal/lib/Doctrine/DBAL/Driver/PDOStatement.php(117): Doctrine\\DBAL\\Driver\\PDO\\Exception::new(Object(PDOException))
#1 /home/nk6nzmf8mf9q/public_html/fdadmin.prometteur.in/vendor/laravel/framework/src/Illuminate/Database/Connection.php(496): Doctrine\\DBAL\\Driver\\PDOStatement->execute()
#2 /home/nk6nzmf8mf9q/public_html/fdadmin.prometteur.in/vendor/laravel/framework/src/Illuminate/Database/Connection.php(671): Illuminate\\Database\\Connection->Illuminate\\Database\\{closure}('update `users` ...', Array)
#3 /home/nk6nzmf8mf9q/public_html/fdadmin.prometteur.in/vendor/laravel/framework/src/Illuminate/Database/Connection.php(638): Illuminate\\Database\\Connection->runQueryCallback('update `users` ...', Array, Object(Closure))
#4 /home/nk6nzmf8mf9q/public_html/fdadmin.prometteur.in/vendor/laravel/framework/src/Illuminate/Database/Connection.php(503): Illuminate\\Database\\Connection->run('update `users` ...', Array, Object(Closure))
#5 /home/nk6nzmf8mf9q/public_html/fdadmin.prometteur.in/vendor/laravel/framework/src/Illuminate/Database/Connection.php(436): Illuminate\\Database\\Connection->affectingStatement('update `users` ...', Array)
#6 /home/nk6nzmf8mf9q/public_html/fdadmin.prometteur.in/vendor/laravel/framework/src/Illuminate/Database/Query/Builder.php(2913): Illuminate\\Database\\Connection->update('update `users` ...', Array)
#7 /home/nk6nzmf8mf9q/public_html/fdadmin.prometteur.in/vendor/laravel/framework/src/Illuminate/Database/Eloquent/Builder.php(824): Illuminate\\Database\\Query\\Builder->update(Array)
#8 /home/nk6nzmf8mf9q/public_html/fdadmin.prometteur.in/vendor/laravel/framework/src/Illuminate/Database/Eloquent/Model.php(935): Illuminate\\Database\\Eloquent\\Builder->update(Array)
#9 /home/nk6nzmf8mf9q/public_html/fdadmin.prometteur.in/vendor/laravel/framework/src/Illuminate/Database/Eloquent/Model.php(850): Illuminate\\Database\\Eloquent\\Model->performUpdate(Object(Illuminate\\Database\\Eloquent\\Builder))
#10 /home/nk6nzmf8mf9q/public_html/fdadmin.prometteur.in/vendor/laravel/framework/src/Illuminate/Database/Eloquent/Model.php(782): Illuminate\\Database\\Eloquent\\Model->save(Array)
#11 /home/nk6nzmf8mf9q/public_html/fdadmin.prometteur.in/app/Http/Controllers/RestorantController.php(743): Illuminate\\Database\\Eloquent\\Model->update()
#12 /home/nk6nzmf8mf9q/public_html/fdadmin.prometteur.in/vendor/laravel/framework/src/Illuminate/Routing/Controller.php(54): App\\Http\\Controllers\\RestorantController->remove(Object(App\\Restorant))
#13 /home/nk6nzmf8mf9q/public_html/fdadmin.prometteur.in/vendor/laravel/framework/src/Illuminate/Routing/ControllerDispatcher.php(45): Illuminate\\Routing\\Controller->callAction('remove', Array)
#14 /home/nk6nzmf8mf9q/public_html/fdadmin.prometteur.in/vendor/laravel/framework/src/Illuminate/Routing/Route.php(254): Illuminate\\Routing\\ControllerDispatcher->dispatch(Object(Illuminate\\Routing\\Route), Object(App\\Http\\Controllers\\RestorantController), 'remove')
#15 /home/nk6nzmf8mf9q/public_html/fdadmin.prometteur.in/vendor/laravel/framework/src/Illuminate/Routing/Route.php(197): Illuminate\\Routing\\Route->runController()
#16 /home/nk6nzmf8mf9q/public_html/fdadmin.prometteur.in/vendor/laravel/framework/src/Illuminate/Routing/Router.php(693): Illuminate\\Routing\\Route->run()
#17 /home/nk6nzmf8mf9q/public_html/fdadmin.prometteur.in/vendor/laravel/framework/src/Illuminate/Pipeline/Pipeline.php(128): Illuminate\\Routing\\Router->Illuminate\\Routing\\{closure}(Object(Illuminate\\Http\\Request))
#18 /home/nk6nzmf8mf9q/public_html/fdadmin.prometteur.in/vendor/laravel/framework/src/Illuminate/Routing/Middleware/SubstituteBindings.php(50): Illuminate\\Pipeline\\Pipeline->Illuminate\\Pipeline\\{closure}(Object(Illuminate\\Http\\Request))
#19 /home/nk6nzmf8mf9q/public_html/fdadmin.prometteur.in/vendor/laravel/framework/src/Illuminate/Pipeline/Pipeline.php(167): Illuminate\\Routing\\Middleware\\SubstituteBindings->handle(Object(Illuminate\\Http\\Request), Object(Closure))
#20 /home/nk6nzmf8mf9q/public_html/fdadmin.prometteur.in/vendor/laravel/framework/src/Illuminate/Auth/Middleware/Authenticate.php(44): Illuminate\\Pipeline\\Pipeline->Illuminate\\Pipeline\\{closure}(Object(Illuminate\\Http\\Request))
#21 /home/nk6nzmf8mf9q/public_html/fdadmin.prometteur.in/vendor/laravel/framework/src/Illuminate/Pipeline/Pipeline.php(167): Illuminate\\Auth\\Middleware\\Authenticate->handle(Object(Illuminate\\Http\\Request), Object(Closure))
#22 /home/nk6nzmf8mf9q/public_html/fdadmin.prometteur.in/vendor/laravel/framework/src/Illuminate/Foundation/Http/Middleware/VerifyCsrfToken.php(78): Illuminate\\Pipeline\\Pipeline->Illuminate\\Pipeline\\{closure}(Object(Illuminate\\Http\\Request))
#23 /home/nk6nzmf8mf9q/public_html/fdadmin.prometteur.in/app/Http/Middleware/VerifyCsrfToken.php(39): Illuminate\\Foundation\\Http\\Middleware\\VerifyCsrfToken->handle(Object(Illuminate\\Http\\Request), Object(Closure))
#24 /home/nk6nzmf8mf9q/public_html/fdadmin.prometteur.in/vendor/laravel/framework/src/Illuminate/Pipeline/Pipeline.php(167): App\\Http\\Middleware\\VerifyCsrfToken->handle(Object(Illuminate\\Http\\Request), Object(Closure))
#25 /home/nk6nzmf8mf9q/public_html/fdadmin.prometteur.in/vendor/laravel/framework/src/Illuminate/View/Middleware/ShareErrorsFromSession.php(49): Illuminate\\Pipeline\\Pipeline->Illuminate\\Pipeline\\{closure}(Object(Illuminate\\Http\\Request))
#26 /home/nk6nzmf8mf9q/public_html/fdadmin.prometteur.in/vendor/laravel/framework/src/Illuminate/Pipeline/Pipeline.php(167): Illuminate\\View\\Middleware\\ShareErrorsFromSession->handle(Object(Illuminate\\Http\\Request), Object(Closure))
#27 /home/nk6nzmf8mf9q/public_html/fdadmin.prometteur.in/app/Http/Middleware/Language.php(32): Illuminate\\Pipeline\\Pipeline->Illuminate\\Pipeline\\{closure}(Object(Illuminate\\Http\\Request))
#28 /home/nk6nzmf8mf9q/public_html/fdadmin.prometteur.in/vendor/laravel/framework/src/Illuminate/Pipeline/Pipeline.php(167): App\\Http\\Middleware\\Language->handle(Object(Illuminate\\Http\\Request), Object(Closure))
#29 /home/nk6nzmf8mf9q/public_html/fdadmin.prometteur.in/vendor/laravel/framework/src/Illuminate/Session/Middleware/StartSession.php(121): Illuminate\\Pipeline\\Pipeline->Illuminate\\Pipeline\\{closure}(Object(Illuminate\\Http\\Request))
#30 /home/nk6nzmf8mf9q/public_html/fdadmin.prometteur.in/vendor/laravel/framework/src/Illuminate/Session/Middleware/StartSession.php(63): Illuminate\\Session\\Middleware\\StartSession->handleStatefulRequest(Object(Illuminate\\Http\\Request), Object(Illuminate\\Session\\Store), Object(Closure))
#31 /home/nk6nzmf8mf9q/public_html/fdadmin.prometteur.in/vendor/laravel/framework/src/Illuminate/Pipeline/Pipeline.php(167): Illuminate\\Session\\Middleware\\StartSession->handle(Object(Illuminate\\Http\\Request), Object(Closure))
#32 /home/nk6nzmf8mf9q/public_html/fdadmin.prometteur.in/vendor/laravel/framework/src/Illuminate/Cookie/Middleware/AddQueuedCookiesToResponse.php(37): Illuminate\\Pipeline\\Pipeline->Illuminate\\Pipeline\\{closure}(Object(Illuminate\\Http\\Request))
#33 /home/nk6nzmf8mf9q/public_html/fdadmin.prometteur.in/vendor/laravel/framework/src/Illuminate/Pipeline/Pipeline.php(167): Illuminate\\Cookie\\Middleware\\AddQueuedCookiesToResponse->handle(Object(Illuminate\\Http\\Request), Object(Closure))
#34 /home/nk6nzmf8mf9q/public_html/fdadmin.prometteur.in/vendor/laravel/framework/src/Illuminate/Cookie/Middleware/EncryptCookies.php(67): Illuminate\\Pipeline\\Pipeline->Illuminate\\Pipeline\\{closure}(Object(Illuminate\\Http\\Request))
#35 /home/nk6nzmf8mf9q/public_html/fdadmin.prometteur.in/vendor/laravel/framework/src/Illuminate/Pipeline/Pipeline.php(167): Illuminate\\Cookie\\Middleware\\EncryptCookies->handle(Object(Illuminate\\Http\\Request), Object(Closure))
#36 /home/nk6nzmf8mf9q/public_html/fdadmin.prometteur.in/vendor/mobidonia/laravel-dashboard-installer/src/Middleware/ToInstallMiddleware.php(23): Illuminate\\Pipeline\\Pipeline->Illuminate\\Pipeline\\{closure}(Object(Illuminate\\Http\\Request))
#37 /home/nk6nzmf8mf9q/public_html/fdadmin.prometteur.in/vendor/laravel/framework/src/Illuminate/Pipeline/Pipeline.php(167): dacoto\\LaravelInstaller\\Middleware\\ToInstallMiddleware->handle(Object(Illuminate\\Http\\Request), Object(Closure))
#38 /home/nk6nzmf8mf9q/public_html/fdadmin.prometteur.in/vendor/laravel/framework/src/Illuminate/Pipeline/Pipeline.php(103): Illuminate\\Pipeline\\Pipeline->Illuminate\\Pipeline\\{closure}(Object(Illuminate\\Http\\Request))
#39 /home/nk6nzmf8mf9q/public_html/fdadmin.prometteur.in/vendor/laravel/framework/src/Illuminate/Routing/Router.php(695): Illuminate\\Pipeline\\Pipeline->then(Object(Closure))
#40 /home/nk6nzmf8mf9q/public_html/fdadmin.prometteur.in/vendor/laravel/framework/src/Illuminate/Routing/Router.php(670): Illuminate\\Routing\\Router->runRouteWithinStack(Object(Illuminate\\Routing\\Route), Object(Illuminate\\Http\\Request))
#41 /home/nk6nzmf8mf9q/public_html/fdadmin.prometteur.in/vendor/laravel/framework/src/Illuminate/Routing/Router.php(636): Illuminate\\Routing\\Router->runRoute(Object(Illuminate\\Http\\Request), Object(Illuminate\\Routing\\Route))
#42 /home/nk6nzmf8mf9q/public_html/fdadmin.prometteur.in/vendor/laravel/framework/src/Illuminate/Routing/Router.php(625): Illuminate\\Routing\\Router->dispatchToRoute(Object(Illuminate\\Http\\Request))
#43 /home/nk6nzmf8mf9q/public_html/fdadmin.prometteur.in/vendor/laravel/framework/src/Illuminate/Foundation/Http/Kernel.php(166): Illuminate\\Routing\\Router->dispatch(Object(Illuminate\\Http\\Request))
#44 /home/nk6nzmf8mf9q/public_html/fdadmin.prometteur.in/vendor/laravel/framework/src/Illuminate/Pipeline/Pipeline.php(128): Illuminate\\Foundation\\Http\\Kernel->Illuminate\\Foundation\\Http\\{closure}(Object(Illuminate\\Http\\Request))
#45 /home/nk6nzmf8mf9q/public_html/fdadmin.prometteur.in/vendor/barryvdh/laravel-debugbar/src/Middleware/InjectDebugbar.php(67): Illuminate\\Pipeline\\Pipeline->Illuminate\\Pipeline\\{closure}(Object(Illuminate\\Http\\Request))
#46 /home/nk6nzmf8mf9q/public_html/fdadmin.prometteur.in/vendor/laravel/framework/src/Illuminate/Pipeline/Pipeline.php(167): Barryvdh\\Debugbar\\Middleware\\InjectDebugbar->handle(Object(Illuminate\\Http\\Request), Object(Closure))
#47 /home/nk6nzmf8mf9q/public_html/fdadmin.prometteur.in/vendor/laravel/framework/src/Illuminate/Foundation/Http/Middleware/TransformsRequest.php(21): Illuminate\\Pipeline\\Pipeline->Illuminate\\Pipeline\\{closure}(Object(Illuminate\\Http\\Request))
#48 /home/nk6nzmf8mf9q/public_html/fdadmin.prometteur.in/vendor/laravel/framework/src/Illuminate/Pipeline/Pipeline.php(167): Illuminate\\Foundation\\Http\\Middleware\\TransformsRequest->handle(Object(Illuminate\\Http\\Request), Object(Closure))
#49 /home/nk6nzmf8mf9q/public_html/fdadmin.prometteur.in/vendor/laravel/framework/src/Illuminate/Foundation/Http/Middleware/TransformsRequest.php(21): Illuminate\\Pipeline\\Pipeline->Illuminate\\Pipeline\\{closure}(Object(Illuminate\\Http\\Request))
#50 /home/nk6nzmf8mf9q/public_html/fdadmin.prometteur.in/vendor/laravel/framework/src/Illuminate/Pipeline/Pipeline.php(167): Illuminate\\Foundation\\Http\\Middleware\\TransformsRequest->handle(Object(Illuminate\\Http\\Request), Object(Closure))
#51 /home/nk6nzmf8mf9q/public_html/fdadmin.prometteur.in/vendor/laravel/framework/src/Illuminate/Foundation/Http/Middleware/ValidatePostSize.php(27): Illuminate\\Pipeline\\Pipeline->Illuminate\\Pipeline\\{closure}(Object(Illuminate\\Http\\Request))
#52 /home/nk6nzmf8mf9q/public_html/fdadmin.prometteur.in/vendor/laravel/framework/src/Illuminate/Pipeline/Pipeline.php(167): Illuminate\\Foundation\\Http\\Middleware\\ValidatePostSize->handle(Object(Illuminate\\Http\\Request), Object(Closure))
#53 /home/nk6nzmf8mf9q/public_html/fdadmin.prometteur.in/vendor/laravel/framework/src/Illuminate/Foundation/Http/Middleware/PreventRequestsDuringMaintenance.php(86): Illuminate\\Pipeline\\Pipeline->Illuminate\\Pipeline\\{closure}(Object(Illuminate\\Http\\Request))
#54 /home/nk6nzmf8mf9q/public_html/fdadmin.prometteur.in/vendor/laravel/framework/src/Illuminate/Pipeline/Pipeline.php(167): Illuminate\\Foundation\\Http\\Middleware\\PreventRequestsDuringMaintenance->handle(Object(Illuminate\\Http\\Request), Object(Closure))
#55 /home/nk6nzmf8mf9q/public_html/fdadmin.prometteur.in/vendor/fruitcake/laravel-cors/src/HandleCors.php(37): Illuminate\\Pipeline\\Pipeline->Illuminate\\Pipeline\\{closure}(Object(Illuminate\\Http\\Request))
#56 /home/nk6nzmf8mf9q/public_html/fdadmin.prometteur.in/vendor/laravel/framework/src/Illuminate/Pipeline/Pipeline.php(167): Fruitcake\\Cors\\HandleCors->handle(Object(Illuminate\\Http\\Request), Object(Closure))
#57 /home/nk6nzmf8mf9q/public_html/fdadmin.prometteur.in/vendor/fideloper/proxy/src/TrustProxies.php(57): Illuminate\\Pipeline\\Pipeline->Illuminate\\Pipeline\\{closure}(Object(Illuminate\\Http\\Request))
#58 /home/nk6nzmf8mf9q/public_html/fdadmin.prometteur.in/vendor/laravel/framework/src/Illuminate/Pipeline/Pipeline.php(167): Fideloper\\Proxy\\TrustProxies->handle(Object(Illuminate\\Http\\Request), Object(Closure))
#59 /home/nk6nzmf8mf9q/public_html/fdadmin.prometteur.in/vendor/laravel/framework/src/Illuminate/Pipeline/Pipeline.php(103): Illuminate\\Pipeline\\Pipeline->Illuminate\\Pipeline\\{closure}(Object(Illuminate\\Http\\Request))
#60 /home/nk6nzmf8mf9q/public_html/fdadmin.prometteur.in/vendor/laravel/framework/src/Illuminate/Foundation/Http/Kernel.php(141): Illuminate\\Pipeline\\Pipeline->then(Object(Closure))
#61 /home/nk6nzmf8mf9q/public_html/fdadmin.prometteur.in/vendor/laravel/framework/src/Illuminate/Foundation/Http/Kernel.php(110): Illuminate\\Foundation\\Http\\Kernel->sendRequestThroughRouter(Object(Illuminate\\Http\\Request))
#62 /home/nk6nzmf8mf9q/public_html/fdadmin.prometteur.in/public/index.php(52): Illuminate\\Foundation\\Http\\Kernel->handle(Object(Illuminate\\Http\\Request))
#63 {main}

[previous exception] [object] (PDOException(code: 23000): SQLSTATE[23000]: Integrity constraint violation: 1062 Duplicate entry 'manjeeri.n@prometteur.in.del' for key 'users_email_unique' at /home/nk6nzmf8mf9q/public_html/fdadmin.prometteur.in/vendor/doctrine/dbal/lib/Doctrine/DBAL/Driver/PDOStatement.php:115)
[stacktrace]
#0 /home/nk6nzmf8mf9q/public_html/fdadmin.prometteur.in/vendor/doctrine/dbal/lib/Doctrine/DBAL/Driver/PDOStatement.php(115): PDOStatement->execute(NULL)
#1 /home/nk6nzmf8mf9q/public_html/fdadmin.prometteur.in/vendor/laravel/framework/src/Illuminate/Database/Connection.php(496): Doctrine\\DBAL\\Driver\\PDOStatement->execute()
#2 /home/nk6nzmf8mf9q/public_html/fdadmin.prometteur.in/vendor/laravel/framework/src/Illuminate/Database/Connection.php(671): Illuminate\\Database\\Connection->Illuminate\\Database\\{closure}('update `users` ...', Array)
#3 /home/nk6nzmf8mf9q/public_html/fdadmin.prometteur.in/vendor/laravel/framework/src/Illuminate/Database/Connection.php(638): Illuminate\\Database\\Connection->runQueryCallback('update `users` ...', Array, Object(Closure))
#4 /home/nk6nzmf8mf9q/public_html/fdadmin.prometteur.in/vendor/laravel/framework/src/Illuminate/Database/Connection.php(503): Illuminate\\Database\\Connection->run('update `users` ...', Array, Object(Closure))
#5 /home/nk6nzmf8mf9q/public_html/fdadmin.prometteur.in/vendor/laravel/framework/src/Illuminate/Database/Connection.php(436): Illuminate\\Database\\Connection->affectingStatement('update `users` ...', Array)
#6 /home/nk6nzmf8mf9q/public_html/fdadmin.prometteur.in/vendor/laravel/framework/src/Illuminate/Database/Query/Builder.php(2913): Illuminate\\Database\\Connection->update('update `users` ...', Array)
#7 /home/nk6nzmf8mf9q/public_html/fdadmin.prometteur.in/vendor/laravel/framework/src/Illuminate/Database/Eloquent/Builder.php(824): Illuminate\\Database\\Query\\Builder->update(Array)
#8 /home/nk6nzmf8mf9q/public_html/fdadmin.prometteur.in/vendor/laravel/framework/src/Illuminate/Database/Eloquent/Model.php(935): Illuminate\\Database\\Eloquent\\Builder->update(Array)
#9 /home/nk6nzmf8mf9q/public_html/fdadmin.prometteur.in/vendor/laravel/framework/src/Illuminate/Database/Eloquent/Model.php(850): Illuminate\\Database\\Eloquent\\Model->performUpdate(Object(Illuminate\\Database\\Eloquent\\Builder))
#10 /home/nk6nzmf8mf9q/public_html/fdadmin.prometteur.in/vendor/laravel/framework/src/Illuminate/Database/Eloquent/Model.php(782): Illuminate\\Database\\Eloquent\\Model->save(Array)
#11 /home/nk6nzmf8mf9q/public_html/fdadmin.prometteur.in/app/Http/Controllers/RestorantController.php(743): Illuminate\\Database\\Eloquent\\Model->update()
#12 /home/nk6nzmf8mf9q/public_html/fdadmin.prometteur.in/vendor/laravel/framework/src/Illuminate/Routing/Controller.php(54): App\\Http\\Controllers\\RestorantController->remove(Object(App\\Restorant))
#13 /home/nk6nzmf8mf9q/public_html/fdadmin.prometteur.in/vendor/laravel/framework/src/Illuminate/Routing/ControllerDispatcher.php(45): Illuminate\\Routing\\Controller->callAction('remove', Array)
#14 /home/nk6nzmf8mf9q/public_html/fdadmin.prometteur.in/vendor/laravel/framework/src/Illuminate/Routing/Route.php(254): Illuminate\\Routing\\ControllerDispatcher->dispatch(Object(Illuminate\\Routing\\Route), Object(App\\Http\\Controllers\\RestorantController), 'remove')
#15 /home/nk6nzmf8mf9q/public_html/fdadmin.prometteur.in/vendor/laravel/framework/src/Illuminate/Routing/Route.php(197): Illuminate\\Routing\\Route->runController()
#16 /home/nk6nzmf8mf9q/public_html/fdadmin.prometteur.in/vendor/laravel/framework/src/Illuminate/Routing/Router.php(693): Illuminate\\Routing\\Route->run()
#17 /home/nk6nzmf8mf9q/public_html/fdadmin.prometteur.in/vendor/laravel/framework/src/Illuminate/Pipeline/Pipeline.php(128): Illuminate\\Routing\\Router->Illuminate\\Routing\\{closure}(Object(Illuminate\\Http\\Request))
#18 /home/nk6nzmf8mf9q/public_html/fdadmin.prometteur.in/vendor/laravel/framework/src/Illuminate/Routing/Middleware/SubstituteBindings.php(50): Illuminate\\Pipeline\\Pipeline->Illuminate\\Pipeline\\{closure}(Object(Illuminate\\Http\\Request))
#19 /home/nk6nzmf8mf9q/public_html/fdadmin.prometteur.in/vendor/laravel/framework/src/Illuminate/Pipeline/Pipeline.php(167): Illuminate\\Routing\\Middleware\\SubstituteBindings->handle(Object(Illuminate\\Http\\Request), Object(Closure))
#20 /home/nk6nzmf8mf9q/public_html/fdadmin.prometteur.in/vendor/laravel/framework/src/Illuminate/Auth/Middleware/Authenticate.php(44): Illuminate\\Pipeline\\Pipeline->Illuminate\\Pipeline\\{closure}(Object(Illuminate\\Http\\Request))
#21 /home/nk6nzmf8mf9q/public_html/fdadmin.prometteur.in/vendor/laravel/framework/src/Illuminate/Pipeline/Pipeline.php(167): Illuminate\\Auth\\Middleware\\Authenticate->handle(Object(Illuminate\\Http\\Request), Object(Closure))
#22 /home/nk6nzmf8mf9q/public_html/fdadmin.prometteur.in/vendor/laravel/framework/src/Illuminate/Foundation/Http/Middleware/VerifyCsrfToken.php(78): Illuminate\\Pipeline\\Pipeline->Illuminate\\Pipeline\\{closure}(Object(Illuminate\\Http\\Request))
#23 /home/nk6nzmf8mf9q/public_html/fdadmin.prometteur.in/app/Http/Middleware/VerifyCsrfToken.php(39): Illuminate\\Foundation\\Http\\Middleware\\VerifyCsrfToken->handle(Object(Illuminate\\Http\\Request), Object(Closure))
#24 /home/nk6nzmf8mf9q/public_html/fdadmin.prometteur.in/vendor/laravel/framework/src/Illuminate/Pipeline/Pipeline.php(167): App\\Http\\Middleware\\VerifyCsrfToken->handle(Object(Illuminate\\Http\\Request), Object(Closure))
#25 /home/nk6nzmf8mf9q/public_html/fdadmin.prometteur.in/vendor/laravel/framework/src/Illuminate/View/Middleware/ShareErrorsFromSession.php(49): Illuminate\\Pipeline\\Pipeline->Illuminate\\Pipeline\\{closure}(Object(Illuminate\\Http\\Request))
#26 /home/nk6nzmf8mf9q/public_html/fdadmin.prometteur.in/vendor/laravel/framework/src/Illuminate/Pipeline/Pipeline.php(167): Illuminate\\View\\Middleware\\ShareErrorsFromSession->handle(Object(Illuminate\\Http\\Request), Object(Closure))
#27 /home/nk6nzmf8mf9q/public_html/fdadmin.prometteur.in/app/Http/Middleware/Language.php(32): Illuminate\\Pipeline\\Pipeline->Illuminate\\Pipeline\\{closure}(Object(Illuminate\\Http\\Request))
#28 /home/nk6nzmf8mf9q/public_html/fdadmin.prometteur.in/vendor/laravel/framework/src/Illuminate/Pipeline/Pipeline.php(167): App\\Http\\Middleware\\Language->handle(Object(Illuminate\\Http\\Request), Object(Closure))
#29 /home/nk6nzmf8mf9q/public_html/fdadmin.prometteur.in/vendor/laravel/framework/src/Illuminate/Session/Middleware/StartSession.php(121): Illuminate\\Pipeline\\Pipeline->Illuminate\\Pipeline\\{closure}(Object(Illuminate\\Http\\Request))
#30 /home/nk6nzmf8mf9q/public_html/fdadmin.prometteur.in/vendor/laravel/framework/src/Illuminate/Session/Middleware/StartSession.php(63): Illuminate\\Session\\Middleware\\StartSession->handleStatefulRequest(Object(Illuminate\\Http\\Request), Object(Illuminate\\Session\\Store), Object(Closure))
#31 /home/nk6nzmf8mf9q/public_html/fdadmin.prometteur.in/vendor/laravel/framework/src/Illuminate/Pipeline/Pipeline.php(167): Illuminate\\Session\\Middleware\\StartSession->handle(Object(Illuminate\\Http\\Request), Object(Closure))
#32 /home/nk6nzmf8mf9q/public_html/fdadmin.prometteur.in/vendor/laravel/framework/src/Illuminate/Cookie/Middleware/AddQueuedCookiesToResponse.php(37): Illuminate\\Pipeline\\Pipeline->Illuminate\\Pipeline\\{closure}(Object(Illuminate\\Http\\Request))
#33 /home/nk6nzmf8mf9q/public_html/fdadmin.prometteur.in/vendor/laravel/framework/src/Illuminate/Pipeline/Pipeline.php(167): Illuminate\\Cookie\\Middleware\\AddQueuedCookiesToResponse->handle(Object(Illuminate\\Http\\Request), Object(Closure))
#34 /home/nk6nzmf8mf9q/public_html/fdadmin.prometteur.in/vendor/laravel/framework/src/Illuminate/Cookie/Middleware/EncryptCookies.php(67): Illuminate\\Pipeline\\Pipeline->Illuminate\\Pipeline\\{closure}(Object(Illuminate\\Http\\Request))
#35 /home/nk6nzmf8mf9q/public_html/fdadmin.prometteur.in/vendor/laravel/framework/src/Illuminate/Pipeline/Pipeline.php(167): Illuminate\\Cookie\\Middleware\\EncryptCookies->handle(Object(Illuminate\\Http\\Request), Object(Closure))
#36 /home/nk6nzmf8mf9q/public_html/fdadmin.prometteur.in/vendor/mobidonia/laravel-dashboard-installer/src/Middleware/ToInstallMiddleware.php(23): Illuminate\\Pipeline\\Pipeline->Illuminate\\Pipeline\\{closure}(Object(Illuminate\\Http\\Request))
#37 /home/nk6nzmf8mf9q/public_html/fdadmin.prometteur.in/vendor/laravel/framework/src/Illuminate/Pipeline/Pipeline.php(167): dacoto\\LaravelInstaller\\Middleware\\ToInstallMiddleware->handle(Object(Illuminate\\Http\\Request), Object(Closure))
#38 /home/nk6nzmf8mf9q/public_html/fdadmin.prometteur.in/vendor/laravel/framework/src/Illuminate/Pipeline/Pipeline.php(103): Illuminate\\Pipeline\\Pipeline->Illuminate\\Pipeline\\{closure}(Object(Illuminate\\Http\\Request))
#39 /home/nk6nzmf8mf9q/public_html/fdadmin.prometteur.in/vendor/laravel/framework/src/Illuminate/Routing/Router.php(695): Illuminate\\Pipeline\\Pipeline->then(Object(Closure))
#40 /home/nk6nzmf8mf9q/public_html/fdadmin.prometteur.in/vendor/laravel/framework/src/Illuminate/Routing/Router.php(670): Illuminate\\Routing\\Router->runRouteWithinStack(Object(Illuminate\\Routing\\Route), Object(Illuminate\\Http\\Request))
#41 /home/nk6nzmf8mf9q/public_html/fdadmin.prometteur.in/vendor/laravel/framework/src/Illuminate/Routing/Router.php(636): Illuminate\\Routing\\Router->runRoute(Object(Illuminate\\Http\\Request), Object(Illuminate\\Routing\\Route))
#42 /home/nk6nzmf8mf9q/public_html/fdadmin.prometteur.in/vendor/laravel/framework/src/Illuminate/Routing/Router.php(625): Illuminate\\Routing\\Router->dispatchToRoute(Object(Illuminate\\Http\\Request))
#43 /home/nk6nzmf8mf9q/public_html/fdadmin.prometteur.in/vendor/laravel/framework/src/Illuminate/Foundation/Http/Kernel.php(166): Illuminate\\Routing\\Router->dispatch(Object(Illuminate\\Http\\Request))
#44 /home/nk6nzmf8mf9q/public_html/fdadmin.prometteur.in/vendor/laravel/framework/src/Illuminate/Pipeline/Pipeline.php(128): Illuminate\\Foundation\\Http\\Kernel->Illuminate\\Foundation\\Http\\{closure}(Object(Illuminate\\Http\\Request))
#45 /home/nk6nzmf8mf9q/public_html/fdadmin.prometteur.in/vendor/barryvdh/laravel-debugbar/src/Middleware/InjectDebugbar.php(67): Illuminate\\Pipeline\\Pipeline->Illuminate\\Pipeline\\{closure}(Object(Illuminate\\Http\\Request))
#46 /home/nk6nzmf8mf9q/public_html/fdadmin.prometteur.in/vendor/laravel/framework/src/Illuminate/Pipeline/Pipeline.php(167): Barryvdh\\Debugbar\\Middleware\\InjectDebugbar->handle(Object(Illuminate\\Http\\Request), Object(Closure))
#47 /home/nk6nzmf8mf9q/public_html/fdadmin.prometteur.in/vendor/laravel/framework/src/Illuminate/Foundation/Http/Middleware/TransformsRequest.php(21): Illuminate\\Pipeline\\Pipeline->Illuminate\\Pipeline\\{closure}(Object(Illuminate\\Http\\Request))
#48 /home/nk6nzmf8mf9q/public_html/fdadmin.prometteur.in/vendor/laravel/framework/src/Illuminate/Pipeline/Pipeline.php(167): Illuminate\\Foundation\\Http\\Middleware\\TransformsRequest->handle(Object(Illuminate\\Http\\Request), Object(Closure))
#49 /home/nk6nzmf8mf9q/public_html/fdadmin.prometteur.in/vendor/laravel/framework/src/Illuminate/Foundation/Http/Middleware/TransformsRequest.php(21): Illuminate\\Pipeline\\Pipeline->Illuminate\\Pipeline\\{closure}(Object(Illuminate\\Http\\Request))
#50 /home/nk6nzmf8mf9q/public_html/fdadmin.prometteur.in/vendor/laravel/framework/src/Illuminate/Pipeline/Pipeline.php(167): Illuminate\\Foundation\\Http\\Middleware\\TransformsRequest->handle(Object(Illuminate\\Http\\Request), Object(Closure))
#51 /home/nk6nzmf8mf9q/public_html/fdadmin.prometteur.in/vendor/laravel/framework/src/Illuminate/Foundation/Http/Middleware/ValidatePostSize.php(27): Illuminate\\Pipeline\\Pipeline->Illuminate\\Pipeline\\{closure}(Object(Illuminate\\Http\\Request))
#52 /home/nk6nzmf8mf9q/public_html/fdadmin.prometteur.in/vendor/laravel/framework/src/Illuminate/Pipeline/Pipeline.php(167): Illuminate\\Foundation\\Http\\Middleware\\ValidatePostSize->handle(Object(Illuminate\\Http\\Request), Object(Closure))
#53 /home/nk6nzmf8mf9q/public_html/fdadmin.prometteur.in/vendor/laravel/framework/src/Illuminate/Foundation/Http/Middleware/PreventRequestsDuringMaintenance.php(86): Illuminate\\Pipeline\\Pipeline->Illuminate\\Pipeline\\{closure}(Object(Illuminate\\Http\\Request))
#54 /home/nk6nzmf8mf9q/public_html/fdadmin.prometteur.in/vendor/laravel/framework/src/Illuminate/Pipeline/Pipeline.php(167): Illuminate\\Foundation\\Http\\Middleware\\PreventRequestsDuringMaintenance->handle(Object(Illuminate\\Http\\Request), Object(Closure))
#55 /home/nk6nzmf8mf9q/public_html/fdadmin.prometteur.in/vendor/fruitcake/laravel-cors/src/HandleCors.php(37): Illuminate\\Pipeline\\Pipeline->Illuminate\\Pipeline\\{closure}(Object(Illuminate\\Http\\Request))
#56 /home/nk6nzmf8mf9q/public_html/fdadmin.prometteur.in/vendor/laravel/framework/src/Illuminate/Pipeline/Pipeline.php(167): Fruitcake\\Cors\\HandleCors->handle(Object(Illuminate\\Http\\Request), Object(Closure))
#57 /home/nk6nzmf8mf9q/public_html/fdadmin.prometteur.in/vendor/fideloper/proxy/src/TrustProxies.php(57): Illuminate\\Pipeline\\Pipeline->Illuminate\\Pipeline\\{closure}(Object(Illuminate\\Http\\Request))
#58 /home/nk6nzmf8mf9q/public_html/fdadmin.prometteur.in/vendor/laravel/framework/src/Illuminate/Pipeline/Pipeline.php(167): Fideloper\\Proxy\\TrustProxies->handle(Object(Illuminate\\Http\\Request), Object(Closure))
#59 /home/nk6nzmf8mf9q/public_html/fdadmin.prometteur.in/vendor/laravel/framework/src/Illuminate/Pipeline/Pipeline.php(103): Illuminate\\Pipeline\\Pipeline->Illuminate\\Pipeline\\{closure}(Object(Illuminate\\Http\\Request))
#60 /home/nk6nzmf8mf9q/public_html/fdadmin.prometteur.in/vendor/laravel/framework/src/Illuminate/Foundation/Http/Kernel.php(141): Illuminate\\Pipeline\\Pipeline->then(Object(Closure))
#61 /home/nk6nzmf8mf9q/public_html/fdadmin.prometteur.in/vendor/laravel/framework/src/Illuminate/Foundation/Http/Kernel.php(110): Illuminate\\Foundation\\Http\\Kernel->sendRequestThroughRouter(Object(Illuminate\\Http\\Request))
#62 /home/nk6nzmf8mf9q/public_html/fdadmin.prometteur.in/public/index.php(52): Illuminate\\Foundation\\Http\\Kernel->handle(Object(Illuminate\\Http\\Request))
#63 {main}
"} 
